# JRE version: OpenJDK Runtime Environment Temurin-21.0.9+10 (21.0.9+10) (build 21.0.9+10-LTS)
# Java VM: OpenJDK 64-Bit Server VM Temurin-21.0.9+10 (21.0.9+10-LTS, mixed mode, sharing, tiered, compressed oops, compressed class ptrs, parallel gc, windows-amd64)
GC Precious Log:
 CardTable entry size: 512
 CPUs: 4 total, 4 available
 Memory: 7934M
 Large Page Support: Disabled
 NUMA Support: Disabled
 Compressed Oops: Enabled (32-bit)
 Alignments: Space 512K, Generation 512K, Heap 2M
 Heap Min Capacity: 100M
 Heap Initial Capacity: 100M
 Heap Max Capacity: 2G
 Pre-touch: Disabled
 Parallel Workers: 4
Heap:
 PSYoungGen      total 6144K, used 5323K [0x00000000d5580000, 0x00000000d5c80000, 0x0000000100000000)
  eden space 5120K, 91% used [0x00000000d5580000,0x00000000d5a15bd0,0x00000000d5a80000)
  from space 1024K, 61% used [0x00000000d5b80000,0x00000000d5c1d200,0x00000000d5c80000)
  to   space 1024K, 0% used [0x00000000d5a80000,0x00000000d5a80000,0x00000000d5b80000)
 ParOldGen       total 513024K, used 512525K [0x0000000080000000, 0x000000009f500000, 0x00000000d5580000)
  object space 513024K, 99% used [0x0000000080000000,0x000000009f483648,0x000000009f500000)
 Metaspace       used 82606K, committed 84160K, reserved 1179648K
  class space    used 8508K, committed 9216K, reserved 1048576K
GC Heap History (20 events):
Event: 3280.209 GC heap before
{Heap before GC invocations=961 (full 4):
 PSYoungGen      total 7168K, used 6912K [0x00000000d5580000, 0x00000000d6000000, 0x0000000100000000)
  eden space 4096K, 100% used [0x00000000d5580000,0x00000000d5980000,0x00000000d5980000)
  from space 3072K, 91% used [0x00000000d5d00000,0x00000000d5fc0000,0x00000000d6000000)
  to   space 3072K, 0% used [0x00000000d5a00000,0x00000000d5a00000,0x00000000d5d00000)
 ParOldGen       total 506880K, used 506792K [0x0000000080000000, 0x000000009ef00000, 0x00000000d5580000)
  object space 506880K, 99% used [0x0000000080000000,0x000000009eeea038,0x000000009ef00000)
 Metaspace       used 82527K, committed 84096K, reserved 1179648K
  class space    used 8508K, committed 9216K, reserved 1048576K
}
Event: 3280.221 GC heap after
{Heap after GC invocations=961 (full 4):
 PSYoungGen      total 6144K, used 1870K [0x00000000d5580000, 0x00000000d5e80000, 0x0000000100000000)
  eden space 4096K, 0% used [0x00000000d5580000,0x00000000d5580000,0x00000000d5980000)
  from space 2048K, 91% used [0x00000000d5a00000,0x00000000d5bd3b00,0x00000000d5c00000)
  to   space 2560K, 0% used [0x00000000d5c00000,0x00000000d5c00000,0x00000000d5e80000)
 ParOldGen       total 509440K, used 509360K [0x0000000080000000, 0x000000009f180000, 0x00000000d5580000)
  object space 509440K, 99% used [0x0000000080000000,0x000000009f16c038,0x000000009f180000)
 Metaspace       used 82527K, committed 84096K, reserved 1179648K
  class space    used 8508K, committed 9216K, reserved 1048576K
}
Event: 3280.241 GC heap before
{Heap before GC invocations=962 (full 4):
 PSYoungGen      total 6144K, used 5966K [0x00000000d5580000, 0x00000000d5e80000, 0x0000000100000000)
  eden space 4096K, 100% used [0x00000000d5580000,0x00000000d5980000,0x00000000d5980000)
  from space 2048K, 91% used [0x00000000d5a00000,0x00000000d5bd3b00,0x00000000d5c00000)
  to   space 2560K, 0% used [0x00000000d5c00000,0x00000000d5c00000,0x00000000d5e80000)
 ParOldGen       total 509440K, used 509360K [0x0000000080000000, 0x000000009f180000, 0x00000000d5580000)
  object space 509440K, 99% used [0x0000000080000000,0x000000009f16c038,0x000000009f180000)
 Metaspace       used 82527K, committed 84096K, reserved 1179648K
  class space    used 8508K, committed 9216K, reserved 1048576K
}
Event: 3280.252 GC heap after
{Heap after GC invocations=962 (full 4):
 PSYoungGen      total 6656K, used 864K [0x00000000d5580000, 0x00000000d5d80000, 0x0000000100000000)
  eden space 5120K, 0% used [0x00000000d5580000,0x00000000d5580000,0x00000000d5a80000)
  from space 1536K, 56% used [0x00000000d5c00000,0x00000000d5cd8000,0x00000000d5d80000)
  to   space 1536K, 0% used [0x00000000d5a80000,0x00000000d5a80000,0x00000000d5c00000)
 ParOldGen       total 511488K, used 511193K [0x0000000080000000, 0x000000009f380000, 0x00000000d5580000)
  object space 511488K, 99% used [0x0000000080000000,0x000000009f336438,0x000000009f380000)
 Metaspace       used 82527K, committed 84096K, reserved 1179648K
  class space    used 8508K, committed 9216K, reserved 1048576K
}
Event: 3280.291 GC heap before
{Heap before GC invocations=963 (full 4):
 PSYoungGen      total 6656K, used 5984K [0x00000000d5580000, 0x00000000d5d80000, 0x0000000100000000)
  eden space 5120K, 100% used [0x00000000d5580000,0x00000000d5a80000,0x00000000d5a80000)
  from space 1536K, 56% used [0x00000000d5c00000,0x00000000d5cd8000,0x00000000d5d80000)
  to   space 1536K, 0% used [0x00000000d5a80000,0x00000000d5a80000,0x00000000d5c00000)
 ParOldGen       total 511488K, used 511193K [0x0000000080000000, 0x000000009f380000, 0x00000000d5580000)
  object space 511488K, 99% used [0x0000000080000000,0x000000009f336438,0x000000009f380000)
 Metaspace       used 82528K, committed 84096K, reserved 1179648K
  class space    used 8508K, committed 9216K, reserved 1048576K
}
Event: 3280.296 GC heap after
{Heap after GC invocations=963 (full 4):
 PSYoungGen      total 6144K, used 745K [0x00000000d5580000, 0x00000000d5c80000, 0x0000000100000000)
  eden space 5120K, 0% used [0x00000000d5580000,0x00000000d5580000,0x00000000d5a80000)
  from space 1024K, 72% used [0x00000000d5a80000,0x00000000d5b3a400,0x00000000d5b80000)
  to   space 1024K, 0% used [0x00000000d5b80000,0x00000000d5b80000,0x00000000d5c80000)
 ParOldGen       total 512000K, used 511593K [0x0000000080000000, 0x000000009f400000, 0x00000000d5580000)
  object space 512000K, 99% used [0x0000000080000000,0x000000009f39a438,0x000000009f400000)
 Metaspace       used 82528K, committed 84096K, reserved 1179648K
  class space    used 8508K, committed 9216K, reserved 1048576K
}
Event: 3283.462 GC heap before
{Heap before GC invocations=964 (full 4):
 PSYoungGen      total 6144K, used 5865K [0x00000000d5580000, 0x00000000d5c80000, 0x0000000100000000)
  eden space 5120K, 100% used [0x00000000d5580000,0x00000000d5a80000,0x00000000d5a80000)
  from space 1024K, 72% used [0x00000000d5a80000,0x00000000d5b3a400,0x00000000d5b80000)
  to   space 1024K, 0% used [0x00000000d5b80000,0x00000000d5b80000,0x00000000d5c80000)
 ParOldGen       total 512000K, used 511593K [0x0000000080000000, 0x000000009f400000, 0x00000000d5580000)
  object space 512000K, 99% used [0x0000000080000000,0x000000009f39a438,0x000000009f400000)
 Metaspace       used 82542K, committed 84160K, reserved 1179648K
  class space    used 8508K, committed 9216K, reserved 1048576K
}
Event: 3283.467 GC heap after
{Heap after GC invocations=964 (full 4):
 PSYoungGen      total 5632K, used 128K [0x00000000d5580000, 0x00000000d5c00000, 0x0000000100000000)
  eden space 5120K, 0% used [0x00000000d5580000,0x00000000d5580000,0x00000000d5a80000)
  from space 512K, 25% used [0x00000000d5b80000,0x00000000d5ba0000,0x00000000d5c00000)
  to   space 512K, 0% used [0x00000000d5b00000,0x00000000d5b00000,0x00000000d5b80000)
 ParOldGen       total 512000K, used 511649K [0x0000000080000000, 0x000000009f400000, 0x00000000d5580000)
  object space 512000K, 99% used [0x0000000080000000,0x000000009f3a8438,0x000000009f400000)
 Metaspace       used 82542K, committed 84160K, reserved 1179648K
  class space    used 8508K, committed 9216K, reserved 1048576K
}
Event: 3283.825 GC heap before
{Heap before GC invocations=965 (full 4):
 PSYoungGen      total 5632K, used 5248K [0x00000000d5580000, 0x00000000d5c00000, 0x0000000100000000)
  eden space 5120K, 100% used [0x00000000d5580000,0x00000000d5a80000,0x00000000d5a80000)
  from space 512K, 25% used [0x00000000d5b80000,0x00000000d5ba0000,0x00000000d5c00000)
  to   space 512K, 0% used [0x00000000d5b00000,0x00000000d5b00000,0x00000000d5b80000)
 ParOldGen       total 512000K, used 511649K [0x0000000080000000, 0x000000009f400000, 0x00000000d5580000)
  object space 512000K, 99% used [0x0000000080000000,0x000000009f3a8438,0x000000009f400000)
 Metaspace       used 82547K, committed 84160K, reserved 1179648K
  class space    used 8508K, committed 9216K, reserved 1048576K
}
Event: 3283.829 GC heap after
{Heap after GC invocations=965 (full 4):
 PSYoungGen      total 5632K, used 500K [0x00000000d5580000, 0x00000000d5c80000, 0x0000000100000000)
  eden space 5120K, 0% used [0x00000000d5580000,0x00000000d5580000,0x00000000d5a80000)
  from space 512K, 97% used [0x00000000d5b00000,0x00000000d5b7d200,0x00000000d5b80000)
  to   space 1024K, 0% used [0x00000000d5b80000,0x00000000d5b80000,0x00000000d5c80000)
 ParOldGen       total 512000K, used 511673K [0x0000000080000000, 0x000000009f400000, 0x00000000d5580000)
  object space 512000K, 99% used [0x0000000080000000,0x000000009f3ae438,0x000000009f400000)
 Metaspace       used 82547K, committed 84160K, reserved 1179648K
  class space    used 8508K, committed 9216K, reserved 1048576K
}
Event: 3284.189 GC heap before
{Heap before GC invocations=966 (full 4):
 PSYoungGen      total 5632K, used 5620K [0x00000000d5580000, 0x00000000d5c80000, 0x0000000100000000)
  eden space 5120K, 100% used [0x00000000d5580000,0x00000000d5a80000,0x00000000d5a80000)
  from space 512K, 97% used [0x00000000d5b00000,0x00000000d5b7d200,0x00000000d5b80000)
  to   space 1024K, 0% used [0x00000000d5b80000,0x00000000d5b80000,0x00000000d5c80000)
 ParOldGen       total 512000K, used 511673K [0x0000000080000000, 0x000000009f400000, 0x00000000d5580000)
  object space 512000K, 99% used [0x0000000080000000,0x000000009f3ae438,0x000000009f400000)
 Metaspace       used 82552K, committed 84160K, reserved 1179648K
  class space    used 8508K, committed 9216K, reserved 1048576K
}
Event: 3284.192 GC heap after
{Heap after GC invocations=966 (full 4):
 PSYoungGen      total 5632K, used 330K [0x00000000d5580000, 0x00000000d5c00000, 0x0000000100000000)
  eden space 5120K, 0% used [0x00000000d5580000,0x00000000d5580000,0x00000000d5a80000)
  from space 512K, 64% used [0x00000000d5b80000,0x00000000d5bd2910,0x00000000d5c00000)
  to   space 512K, 0% used [0x00000000d5b00000,0x00000000d5b00000,0x00000000d5b80000)
 ParOldGen       total 512000K, used 511705K [0x0000000080000000, 0x000000009f400000, 0x00000000d5580000)
  object space 512000K, 99% used [0x0000000080000000,0x000000009f3b6438,0x000000009f400000)
 Metaspace       used 82552K, committed 84160K, reserved 1179648K
  class space    used 8508K, committed 9216K, reserved 1048576K
}
Event: 3284.464 GC heap before
{Heap before GC invocations=967 (full 4):
 PSYoungGen      total 5632K, used 5450K [0x00000000d5580000, 0x00000000d5c00000, 0x0000000100000000)
  eden space 5120K, 100% used [0x00000000d5580000,0x00000000d5a80000,0x00000000d5a80000)
  from space 512K, 64% used [0x00000000d5b80000,0x00000000d5bd2910,0x00000000d5c00000)
  to   space 512K, 0% used [0x00000000d5b00000,0x00000000d5b00000,0x00000000d5b80000)
 ParOldGen       total 512000K, used 511705K [0x0000000080000000, 0x000000009f400000, 0x00000000d5580000)
  object space 512000K, 99% used [0x0000000080000000,0x000000009f3b6438,0x000000009f400000)
 Metaspace       used 82560K, committed 84160K, reserved 1179648K
  class space    used 8508K, committed 9216K, reserved 1048576K
}
Event: 3284.468 GC heap after
{Heap after GC invocations=967 (full 4):
 PSYoungGen      total 5632K, used 196K [0x00000000d5580000, 0x00000000d5c00000, 0x0000000100000000)
  eden space 5120K, 0% used [0x00000000d5580000,0x00000000d5580000,0x00000000d5a80000)
  from space 512K, 38% used [0x00000000d5b00000,0x00000000d5b31210,0x00000000d5b80000)
  to   space 512K, 0% used [0x00000000d5b80000,0x00000000d5b80000,0x00000000d5c00000)
 ParOldGen       total 512000K, used 511713K [0x0000000080000000, 0x000000009f400000, 0x00000000d5580000)
  object space 512000K, 99% used [0x0000000080000000,0x000000009f3b8438,0x000000009f400000)
 Metaspace       used 82560K, committed 84160K, reserved 1179648K
  class space    used 8508K, committed 9216K, reserved 1048576K
}
Event: 3284.858 GC heap before
{Heap before GC invocations=968 (full 4):
 PSYoungGen      total 5632K, used 5316K [0x00000000d5580000, 0x00000000d5c00000, 0x0000000100000000)
  eden space 5120K, 100% used [0x00000000d5580000,0x00000000d5a80000,0x00000000d5a80000)
  from space 512K, 38% used [0x00000000d5b00000,0x00000000d5b31210,0x00000000d5b80000)
  to   space 512K, 0% used [0x00000000d5b80000,0x00000000d5b80000,0x00000000d5c00000)
 ParOldGen       total 512000K, used 511713K [0x0000000080000000, 0x000000009f400000, 0x00000000d5580000)
  object space 512000K, 99% used [0x0000000080000000,0x000000009f3b8438,0x000000009f400000)
 Metaspace       used 82572K, committed 84160K, reserved 1179648K
  class space    used 8508K, committed 9216K, reserved 1048576K
}
Event: 3284.860 GC heap after
{Heap after GC invocations=968 (full 4):
 PSYoungGen      total 5632K, used 128K [0x00000000d5580000, 0x00000000d5c00000, 0x0000000100000000)
  eden space 5120K, 0% used [0x00000000d5580000,0x00000000d5580000,0x00000000d5a80000)
  from space 512K, 25% used [0x00000000d5b80000,0x00000000d5ba0000,0x00000000d5c00000)
  to   space 512K, 0% used [0x00000000d5b00000,0x00000000d5b00000,0x00000000d5b80000)
 ParOldGen       total 512000K, used 511721K [0x0000000080000000, 0x000000009f400000, 0x00000000d5580000)
  object space 512000K, 99% used [0x0000000080000000,0x000000009f3ba438,0x000000009f400000)
 Metaspace       used 82572K, committed 84160K, reserved 1179648K
  class space    used 8508K, committed 9216K, reserved 1048576K
}
Event: 3285.022 GC heap before
{Heap before GC invocations=969 (full 4):
 PSYoungGen      total 5632K, used 5248K [0x00000000d5580000, 0x00000000d5c00000, 0x0000000100000000)
  eden space 5120K, 100% used [0x00000000d5580000,0x00000000d5a80000,0x00000000d5a80000)
  from space 512K, 25% used [0x00000000d5b80000,0x00000000d5ba0000,0x00000000d5c00000)
  to   space 512K, 0% used [0x00000000d5b00000,0x00000000d5b00000,0x00000000d5b80000)
 ParOldGen       total 512000K, used 511721K [0x0000000080000000, 0x000000009f400000, 0x00000000d5580000)
  object space 512000K, 99% used [0x0000000080000000,0x000000009f3ba438,0x000000009f400000)
 Metaspace       used 82572K, committed 84160K, reserved 1179648K
  class space    used 8508K, committed 9216K, reserved 1048576K
}
Event: 3285.025 GC heap after
{Heap after GC invocations=969 (full 4):
 PSYoungGen      total 5632K, used 500K [0x00000000d5580000, 0x00000000d5c80000, 0x0000000100000000)
  eden space 5120K, 0% used [0x00000000d5580000,0x00000000d5580000,0x00000000d5a80000)
  from space 512K, 97% used [0x00000000d5b00000,0x00000000d5b7d200,0x00000000d5b80000)
  to   space 1024K, 0% used [0x00000000d5b80000,0x00000000d5b80000,0x00000000d5c80000)
 ParOldGen       total 512512K, used 512009K [0x0000000080000000, 0x000000009f480000, 0x00000000d5580000)
  object space 512512K, 99% used [0x0000000080000000,0x000000009f402448,0x000000009f480000)
 Metaspace       used 82572K, committed 84160K, reserved 1179648K
  class space    used 8508K, committed 9216K, reserved 1048576K
}
Event: 3285.403 GC heap before
{Heap before GC invocations=970 (full 4):
 PSYoungGen      total 5632K, used 5620K [0x00000000d5580000, 0x00000000d5c80000, 0x0000000100000000)
  eden space 5120K, 99% used [0x00000000d5580000,0x00000000d5a7fff8,0x00000000d5a80000)
  from space 512K, 97% used [0x00000000d5b00000,0x00000000d5b7d200,0x00000000d5b80000)
  to   space 1024K, 0% used [0x00000000d5b80000,0x00000000d5b80000,0x00000000d5c80000)
 ParOldGen       total 512512K, used 512009K [0x0000000080000000, 0x000000009f480000, 0x00000000d5580000)
  object space 512512K, 99% used [0x0000000080000000,0x000000009f402448,0x000000009f480000)
 Metaspace       used 82582K, committed 84160K, reserved 1179648K
  class space    used 8508K, committed 9216K, reserved 1048576K
}
Event: 3285.407 GC heap after
{Heap after GC invocations=970 (full 4):
 PSYoungGen      total 6144K, used 628K [0x00000000d5580000, 0x00000000d5c80000, 0x0000000100000000)
  eden space 5120K, 0% used [0x00000000d5580000,0x00000000d5580000,0x00000000d5a80000)
  from space 1024K, 61% used [0x00000000d5b80000,0x00000000d5c1d200,0x00000000d5c80000)
  to   space 1024K, 0% used [0x00000000d5a80000,0x00000000d5a80000,0x00000000d5b80000)
 ParOldGen       total 513024K, used 512525K [0x0000000080000000, 0x000000009f500000, 0x00000000d5580000)
  object space 513024K, 99% used [0x0000000080000000,0x000000009f483648,0x000000009f500000)
 Metaspace       used 82582K, committed 84160K, reserved 1179648K
  class space    used 8508K, committed 9216K, reserved 1048576K
}

