# JRE version: OpenJDK Runtime Environment Temurin-17.0.17+10 (17.0.17+10) (build 17.0.17+10)
# Java VM: OpenJDK 64-Bit Server VM Temurin-17.0.17+10 (17.0.17+10, mixed mode, sharing, tiered, compressed oops, compressed class ptrs, g1 gc, windows-amd64)
GC Precious Log:
 CPUs: 4 total, 4 available
 Memory: 7934M
 Large Page Support: Disabled
 NUMA Support: Disabled
 Compressed Oops: Enabled (32-bit)
 Heap Region Size: 1M
 Heap Min Capacity: 256M
 Heap Initial Capacity: 256M
 Heap Max Capacity: 512M
 Pre-touch: Disabled
 Parallel Workers: 4
 Concurrent Workers: 1
 Concurrent Refinement Workers: 4
 Periodic GC: Disabled
Heap:
 garbage-first heap   total 262144K, used 126674K [0x00000000e0000000, 0x0000000100000000)
  region size 1024K, 90 young (92160K), 14 survivors (14336K)
 Metaspace       used 76547K, committed 77248K, reserved 458752K
  class space    used 10583K, committed 10944K, reserved 327680K
GC Heap History (18 events):
Event: 0.222 GC heap before
{Heap before GC invocations=0 (full 0):
 garbage-first heap   total 262144K, used 13312K [0x00000000e0000000, 0x0000000100000000)
  region size 1024K, 13 young (13312K), 0 survivors (0K)
 Metaspace       used 744K, committed 832K, reserved 393216K
  class space    used 60K, committed 128K, reserved 327680K
}
Event: 0.223 GC heap after
{Heap after GC invocations=1 (full 0):
 garbage-first heap   total 262144K, used 1320K [0x00000000e0000000, 0x0000000100000000)
  region size 1024K, 2 young (2048K), 2 survivors (2048K)
 Metaspace       used 744K, committed 832K, reserved 393216K
  class space    used 60K, committed 128K, reserved 327680K
}
Event: 0.490 GC heap before
{Heap before GC invocations=1 (full 0):
 garbage-first heap   total 262144K, used 23848K [0x00000000e0000000, 0x0000000100000000)
  region size 1024K, 21 young (21504K), 2 survivors (2048K)
 Metaspace       used 1820K, committed 1984K, reserved 393216K
  class space    used 168K, committed 256K, reserved 327680K
}
Event: 0.493 GC heap after
{Heap after GC invocations=2 (full 0):
 garbage-first heap   total 262144K, used 10244K [0x00000000e0000000, 0x0000000100000000)
  region size 1024K, 3 young (3072K), 3 survivors (3072K)
 Metaspace       used 1820K, committed 1984K, reserved 393216K
  class space    used 168K, committed 256K, reserved 327680K
}
Event: 351.929 GC heap before
{Heap before GC invocations=2 (full 0):
 garbage-first heap   total 262144K, used 165892K [0x00000000e0000000, 0x0000000100000000)
  region size 1024K, 153 young (156672K), 3 survivors (3072K)
 Metaspace       used 17584K, committed 17920K, reserved 393216K
  class space    used 2372K, committed 2560K, reserved 327680K
}
Event: 351.951 GC heap after
{Heap after GC invocations=3 (full 0):
 garbage-first heap   total 262144K, used 21755K [0x00000000e0000000, 0x0000000100000000)
  region size 1024K, 14 young (14336K), 14 survivors (14336K)
 Metaspace       used 17584K, committed 17920K, reserved 393216K
  class space    used 2372K, committed 2560K, reserved 327680K
}
Event: 791.717 GC heap before
{Heap before GC invocations=3 (full 0):
 garbage-first heap   total 262144K, used 56571K [0x00000000e0000000, 0x0000000100000000)
  region size 1024K, 48 young (49152K), 14 survivors (14336K)
 Metaspace       used 21162K, committed 21504K, reserved 393216K
  class space    used 2825K, committed 3008K, reserved 327680K
}
Event: 791.729 GC heap after
{Heap after GC invocations=4 (full 0):
 garbage-first heap   total 262144K, used 23332K [0x00000000e0000000, 0x0000000100000000)
  region size 1024K, 2 young (2048K), 2 survivors (2048K)
 Metaspace       used 21162K, committed 21504K, reserved 393216K
  class space    used 2825K, committed 3008K, reserved 327680K
}
Event: 794.488 GC heap before
{Heap before GC invocations=5 (full 0):
 garbage-first heap   total 262144K, used 169764K [0x00000000e0000000, 0x0000000100000000)
  region size 1024K, 147 young (150528K), 2 survivors (2048K)
 Metaspace       used 35490K, committed 35968K, reserved 393216K
  class space    used 4927K, committed 5184K, reserved 327680K
}
Event: 794.496 GC heap after
{Heap after GC invocations=6 (full 0):
 garbage-first heap   total 262144K, used 29764K [0x00000000e0000000, 0x0000000100000000)
  region size 1024K, 8 young (8192K), 8 survivors (8192K)
 Metaspace       used 35490K, committed 35968K, reserved 393216K
  class space    used 4927K, committed 5184K, reserved 327680K
}
Event: 798.456 GC heap before
{Heap before GC invocations=7 (full 0):
 garbage-first heap   total 262144K, used 178244K [0x00000000e0000000, 0x0000000100000000)
  region size 1024K, 153 young (156672K), 8 survivors (8192K)
 Metaspace       used 52996K, committed 53632K, reserved 393216K
  class space    used 7449K, committed 7744K, reserved 327680K
}
Event: 798.471 GC heap after
{Heap after GC invocations=8 (full 0):
 garbage-first heap   total 262144K, used 37957K [0x00000000e0000000, 0x0000000100000000)
  region size 1024K, 16 young (16384K), 16 survivors (16384K)
 Metaspace       used 52996K, committed 53632K, reserved 393216K
  class space    used 7449K, committed 7744K, reserved 327680K
}
Event: 798.494 GC heap before
{Heap before GC invocations=8 (full 0):
 garbage-first heap   total 262144K, used 38981K [0x00000000e0000000, 0x0000000100000000)
  region size 1024K, 17 young (17408K), 16 survivors (16384K)
 Metaspace       used 53092K, committed 53696K, reserved 393216K
  class space    used 7461K, committed 7744K, reserved 327680K
}
Event: 798.510 GC heap after
{Heap after GC invocations=9 (full 0):
 garbage-first heap   total 262144K, used 39121K [0x00000000e0000000, 0x0000000100000000)
  region size 1024K, 2 young (2048K), 2 survivors (2048K)
 Metaspace       used 53092K, committed 53696K, reserved 393216K
  class space    used 7461K, committed 7744K, reserved 327680K
}
Event: 799.632 GC heap before
{Heap before GC invocations=9 (full 0):
 garbage-first heap   total 262144K, used 105681K [0x00000000e0000000, 0x0000000100000000)
  region size 1024K, 68 young (69632K), 2 survivors (2048K)
 Metaspace       used 59624K, committed 60160K, reserved 393216K
  class space    used 8367K, committed 8640K, reserved 327680K
}
Event: 799.636 GC heap after
{Heap after GC invocations=10 (full 0):
 garbage-first heap   total 262144K, used 41687K [0x00000000e0000000, 0x0000000100000000)
  region size 1024K, 5 young (5120K), 5 survivors (5120K)
 Metaspace       used 59624K, committed 60160K, reserved 393216K
  class space    used 8367K, committed 8640K, reserved 327680K
}
Event: 802.439 GC heap before
{Heap before GC invocations=11 (full 0):
 garbage-first heap   total 262144K, used 192215K [0x00000000e0000000, 0x0000000100000000)
  region size 1024K, 153 young (156672K), 5 survivors (5120K)
 Metaspace       used 66023K, committed 66624K, reserved 393216K
  class space    used 9244K, committed 9536K, reserved 327680K
}
Event: 802.452 GC heap after
{Heap after GC invocations=12 (full 0):
 garbage-first heap   total 262144K, used 50898K [0x00000000e0000000, 0x0000000100000000)
  region size 1024K, 14 young (14336K), 14 survivors (14336K)
 Metaspace       used 66023K, committed 66624K, reserved 393216K
  class space    used 9244K, committed 9536K, reserved 327680K
}

