# JRE version: OpenJDK Runtime Environment Temurin-17.0.17+10 (17.0.17+10) (build 17.0.17+10)
# Java VM: OpenJDK 64-Bit Server VM Temurin-17.0.17+10 (17.0.17+10, mixed mode, sharing, tiered, compressed oops, compressed class ptrs, g1 gc, windows-amd64)
GC Precious Log:
 CPUs: 4 total, 4 available
 Memory: 7934M
 Large Page Support: Disabled
 NUMA Support: Disabled
 Compressed Oops: Enabled (32-bit)
 Heap Region Size: 1M
 Heap Min Capacity: 256M
 Heap Initial Capacity: 256M
 Heap Max Capacity: 512M
 Pre-touch: Disabled
 Parallel Workers: 4
 Concurrent Workers: 1
 Concurrent Refinement Workers: 4
 Periodic GC: Disabled
Heap:
 garbage-first heap   total 262144K, used 51014K [0x00000000e0000000, 0x0000000100000000)
  region size 1024K, 14 young (14336K), 9 survivors (9216K)
 Metaspace       used 59449K, committed 60160K, reserved 393216K
  class space    used 8380K, committed 8704K, reserved 327680K
GC Heap History (16 events):
Event: 0.257 GC heap before
{Heap before GC invocations=0 (full 0):
 garbage-first heap   total 262144K, used 13312K [0x00000000e0000000, 0x0000000100000000)
  region size 1024K, 13 young (13312K), 0 survivors (0K)
 Metaspace       used 764K, committed 896K, reserved 393216K
  class space    used 60K, committed 128K, reserved 327680K
}
Event: 0.259 GC heap after
{Heap after GC invocations=1 (full 0):
 garbage-first heap   total 262144K, used 1248K [0x00000000e0000000, 0x0000000100000000)
  region size 1024K, 2 young (2048K), 2 survivors (2048K)
 Metaspace       used 764K, committed 896K, reserved 393216K
  class space    used 60K, committed 128K, reserved 327680K
}
Event: 0.624 GC heap before
{Heap before GC invocations=1 (full 0):
 garbage-first heap   total 262144K, used 23776K [0x00000000e0000000, 0x0000000100000000)
  region size 1024K, 21 young (21504K), 2 survivors (2048K)
 Metaspace       used 1822K, committed 1984K, reserved 393216K
  class space    used 168K, committed 256K, reserved 327680K
}
Event: 0.628 GC heap after
{Heap after GC invocations=2 (full 0):
 garbage-first heap   total 262144K, used 10238K [0x00000000e0000000, 0x0000000100000000)
  region size 1024K, 3 young (3072K), 3 survivors (3072K)
 Metaspace       used 1822K, committed 1984K, reserved 393216K
  class space    used 168K, committed 256K, reserved 327680K
}
Event: 3.205 GC heap before
{Heap before GC invocations=2 (full 0):
 garbage-first heap   total 262144K, used 166910K [0x00000000e0000000, 0x0000000100000000)
  region size 1024K, 153 young (156672K), 3 survivors (3072K)
 Metaspace       used 18178K, committed 18432K, reserved 393216K
  class space    used 2414K, committed 2496K, reserved 327680K
}
Event: 3.217 GC heap after
{Heap after GC invocations=3 (full 0):
 garbage-first heap   total 262144K, used 22172K [0x00000000e0000000, 0x0000000100000000)
  region size 1024K, 14 young (14336K), 14 survivors (14336K)
 Metaspace       used 18178K, committed 18432K, reserved 393216K
  class space    used 2414K, committed 2496K, reserved 327680K
}
Event: 3.773 GC heap before
{Heap before GC invocations=3 (full 0):
 garbage-first heap   total 262144K, used 47772K [0x00000000e0000000, 0x0000000100000000)
  region size 1024K, 40 young (40960K), 14 survivors (14336K)
 Metaspace       used 21227K, committed 21504K, reserved 393216K
  class space    used 2917K, committed 3072K, reserved 327680K
}
Event: 3.784 GC heap after
{Heap after GC invocations=4 (full 0):
 garbage-first heap   total 262144K, used 24146K [0x00000000e0000000, 0x0000000100000000)
  region size 1024K, 2 young (2048K), 2 survivors (2048K)
 Metaspace       used 21227K, committed 21504K, reserved 393216K
  class space    used 2917K, committed 3072K, reserved 327680K
}
Event: 6.478 GC heap before
{Heap before GC invocations=5 (full 0):
 garbage-first heap   total 262144K, used 168530K [0x00000000e0000000, 0x0000000100000000)
  region size 1024K, 145 young (148480K), 2 survivors (2048K)
 Metaspace       used 35536K, committed 35968K, reserved 393216K
  class space    used 4990K, committed 5184K, reserved 327680K
}
Event: 6.489 GC heap after
{Heap after GC invocations=6 (full 0):
 garbage-first heap   total 262144K, used 30178K [0x00000000e0000000, 0x0000000100000000)
  region size 1024K, 8 young (8192K), 8 survivors (8192K)
 Metaspace       used 35536K, committed 35968K, reserved 393216K
  class space    used 4990K, committed 5184K, reserved 327680K
}
Event: 9.706 GC heap before
{Heap before GC invocations=7 (full 0):
 garbage-first heap   total 262144K, used 177634K [0x00000000e0000000, 0x0000000100000000)
  region size 1024K, 153 young (156672K), 8 survivors (8192K)
 Metaspace       used 48646K, committed 49280K, reserved 393216K
  class space    used 7009K, committed 7296K, reserved 327680K
}
Event: 9.720 GC heap after
{Heap after GC invocations=8 (full 0):
 garbage-first heap   total 262144K, used 37784K [0x00000000e0000000, 0x0000000100000000)
  region size 1024K, 16 young (16384K), 16 survivors (16384K)
 Metaspace       used 48646K, committed 49280K, reserved 393216K
  class space    used 7009K, committed 7296K, reserved 327680K
}
Event: 11.860 GC heap before
{Heap before GC invocations=8 (full 0):
 garbage-first heap   total 262144K, used 177048K [0x00000000e0000000, 0x0000000100000000)
  region size 1024K, 153 young (156672K), 16 survivors (16384K)
 Metaspace       used 56079K, committed 56768K, reserved 393216K
  class space    used 7868K, committed 8192K, reserved 327680K
}
Event: 11.881 GC heap after
{Heap after GC invocations=9 (full 0):
 garbage-first heap   total 262144K, used 46716K [0x00000000e0000000, 0x0000000100000000)
  region size 1024K, 17 young (17408K), 17 survivors (17408K)
 Metaspace       used 56079K, committed 56768K, reserved 393216K
  class space    used 7868K, committed 8192K, reserved 327680K
}
Event: 324.037 GC heap before
{Heap before GC invocations=9 (full 0):
 garbage-first heap   total 262144K, used 131708K [0x00000000e0000000, 0x0000000100000000)
  region size 1024K, 96 young (98304K), 17 survivors (17408K)
 Metaspace       used 59439K, committed 60096K, reserved 393216K
  class space    used 8374K, committed 8704K, reserved 327680K
}
Event: 324.054 GC heap after
{Heap after GC invocations=10 (full 0):
 garbage-first heap   total 262144K, used 46918K [0x00000000e0000000, 0x0000000100000000)
  region size 1024K, 9 young (9216K), 9 survivors (9216K)
 Metaspace       used 59439K, committed 60096K, reserved 393216K
  class space    used 8374K, committed 8704K, reserved 327680K
}

