# JRE version: OpenJDK Runtime Environment Temurin-21.0.9+10 (21.0.9+10) (build 21.0.9+10-LTS)
# Java VM: OpenJDK 64-Bit Server VM Temurin-21.0.9+10 (21.0.9+10-LTS, mixed mode, sharing, tiered, compressed oops, compressed class ptrs, parallel gc, windows-amd64)
GC Precious Log:
 CardTable entry size: 512
 CPUs: 4 total, 4 available
 Memory: 7934M
 Large Page Support: Disabled
 NUMA Support: Disabled
 Compressed Oops: Enabled (32-bit)
 Alignments: Space 512K, Generation 512K, Heap 2M
 Heap Min Capacity: 100M
 Heap Initial Capacity: 100M
 Heap Max Capacity: 2G
 Pre-touch: Disabled
 Parallel Workers: 4
Heap:
 PSYoungGen      total 3072K, used 1052K [0x00000000d5580000, 0x00000000d5980000, 0x0000000100000000)
  eden space 2560K, 36% used [0x00000000d5580000,0x00000000d56672f0,0x00000000d5800000)
  from space 512K, 25% used [0x00000000d5900000,0x00000000d5920000,0x00000000d5980000)
  to   space 512K, 0% used [0x00000000d5880000,0x00000000d5880000,0x00000000d5900000)
 ParOldGen       total 197120K, used 196746K [0x0000000080000000, 0x000000008c080000, 0x00000000d5580000)
  object space 197120K, 99% used [0x0000000080000000,0x000000008c022be0,0x000000008c080000)
 Metaspace       used 87518K, committed 89344K, reserved 1179648K
  class space    used 8754K, committed 9600K, reserved 1048576K
GC Heap History (20 events):
Event: 2209.225 GC heap before
{Heap before GC invocations=3601 (full 10):
 PSYoungGen      total 2560K, used 2368K [0x00000000d5580000, 0x00000000d5980000, 0x0000000100000000)
  eden space 2048K, 100% used [0x00000000d5580000,0x00000000d5780000,0x00000000d5780000)
  from space 512K, 62% used [0x00000000d5900000,0x00000000d5950000,0x00000000d5980000)
  to   space 512K, 0% used [0x00000000d5880000,0x00000000d5880000,0x00000000d5900000)
 ParOldGen       total 195072K, used 195035K [0x0000000080000000, 0x000000008be80000, 0x00000000d5580000)
  object space 195072K, 99% used [0x0000000080000000,0x000000008be76dd0,0x000000008be80000)
 Metaspace       used 87516K, committed 89344K, reserved 1179648K
  class space    used 8754K, committed 9600K, reserved 1048576K
}
Event: 2209.226 GC heap after
{Heap after GC invocations=3601 (full 10):
 PSYoungGen      total 3072K, used 352K [0x00000000d5580000, 0x00000000d5980000, 0x0000000100000000)
  eden space 2560K, 0% used [0x00000000d5580000,0x00000000d5580000,0x00000000d5800000)
  from space 512K, 68% used [0x00000000d5880000,0x00000000d58d8000,0x00000000d5900000)
  to   space 512K, 0% used [0x00000000d5900000,0x00000000d5900000,0x00000000d5980000)
 ParOldGen       total 195584K, used 195273K [0x0000000080000000, 0x000000008bf00000, 0x00000000d5580000)
  object space 195584K, 99% used [0x0000000080000000,0x000000008beb2708,0x000000008bf00000)
 Metaspace       used 87516K, committed 89344K, reserved 1179648K
  class space    used 8754K, committed 9600K, reserved 1048576K
}
Event: 2209.283 GC heap before
{Heap before GC invocations=3602 (full 10):
 PSYoungGen      total 3072K, used 2912K [0x00000000d5580000, 0x00000000d5980000, 0x0000000100000000)
  eden space 2560K, 100% used [0x00000000d5580000,0x00000000d5800000,0x00000000d5800000)
  from space 512K, 68% used [0x00000000d5880000,0x00000000d58d8000,0x00000000d5900000)
  to   space 512K, 0% used [0x00000000d5900000,0x00000000d5900000,0x00000000d5980000)
 ParOldGen       total 195584K, used 195273K [0x0000000080000000, 0x000000008bf00000, 0x00000000d5580000)
  object space 195584K, 99% used [0x0000000080000000,0x000000008beb2708,0x000000008bf00000)
 Metaspace       used 87516K, committed 89344K, reserved 1179648K
  class space    used 8754K, committed 9600K, reserved 1048576K
}
Event: 2209.285 GC heap after
{Heap after GC invocations=3602 (full 10):
 PSYoungGen      total 3072K, used 384K [0x00000000d5580000, 0x00000000d5980000, 0x0000000100000000)
  eden space 2560K, 0% used [0x00000000d5580000,0x00000000d5580000,0x00000000d5800000)
  from space 512K, 75% used [0x00000000d5900000,0x00000000d5960000,0x00000000d5980000)
  to   space 512K, 0% used [0x00000000d5880000,0x00000000d5880000,0x00000000d5900000)
 ParOldGen       total 195584K, used 195537K [0x0000000080000000, 0x000000008bf00000, 0x00000000d5580000)
  object space 195584K, 99% used [0x0000000080000000,0x000000008bef4708,0x000000008bf00000)
 Metaspace       used 87516K, committed 89344K, reserved 1179648K
  class space    used 8754K, committed 9600K, reserved 1048576K
}
Event: 2209.572 GC heap before
{Heap before GC invocations=3603 (full 10):
 PSYoungGen      total 3072K, used 2944K [0x00000000d5580000, 0x00000000d5980000, 0x0000000100000000)
  eden space 2560K, 100% used [0x00000000d5580000,0x00000000d5800000,0x00000000d5800000)
  from space 512K, 75% used [0x00000000d5900000,0x00000000d5960000,0x00000000d5980000)
  to   space 512K, 0% used [0x00000000d5880000,0x00000000d5880000,0x00000000d5900000)
 ParOldGen       total 195584K, used 195537K [0x0000000080000000, 0x000000008bf00000, 0x00000000d5580000)
  object space 195584K, 99% used [0x0000000080000000,0x000000008bef4708,0x000000008bf00000)
 Metaspace       used 87516K, committed 89344K, reserved 1179648K
  class space    used 8754K, committed 9600K, reserved 1048576K
}
Event: 2209.573 GC heap after
{Heap after GC invocations=3603 (full 10):
 PSYoungGen      total 3072K, used 180K [0x00000000d5580000, 0x00000000d5980000, 0x0000000100000000)
  eden space 2560K, 0% used [0x00000000d5580000,0x00000000d5580000,0x00000000d5800000)
  from space 512K, 35% used [0x00000000d5880000,0x00000000d58ad200,0x00000000d5900000)
  to   space 512K, 0% used [0x00000000d5900000,0x00000000d5900000,0x00000000d5980000)
 ParOldGen       total 196096K, used 195851K [0x0000000080000000, 0x000000008bf80000, 0x00000000d5580000)
  object space 196096K, 99% used [0x0000000080000000,0x000000008bf42e98,0x000000008bf80000)
 Metaspace       used 87516K, committed 89344K, reserved 1179648K
  class space    used 8754K, committed 9600K, reserved 1048576K
}
Event: 2209.577 GC heap before
{Heap before GC invocations=3604 (full 10):
 PSYoungGen      total 3072K, used 2740K [0x00000000d5580000, 0x00000000d5980000, 0x0000000100000000)
  eden space 2560K, 100% used [0x00000000d5580000,0x00000000d5800000,0x00000000d5800000)
  from space 512K, 35% used [0x00000000d5880000,0x00000000d58ad200,0x00000000d5900000)
  to   space 512K, 0% used [0x00000000d5900000,0x00000000d5900000,0x00000000d5980000)
 ParOldGen       total 196096K, used 195851K [0x0000000080000000, 0x000000008bf80000, 0x00000000d5580000)
  object space 196096K, 99% used [0x0000000080000000,0x000000008bf42e98,0x000000008bf80000)
 Metaspace       used 87516K, committed 89344K, reserved 1179648K
  class space    used 8754K, committed 9600K, reserved 1048576K
}
Event: 2209.578 GC heap after
{Heap after GC invocations=3604 (full 10):
 PSYoungGen      total 3072K, used 480K [0x00000000d5580000, 0x00000000d5a00000, 0x0000000100000000)
  eden space 2560K, 0% used [0x00000000d5580000,0x00000000d5580000,0x00000000d5800000)
  from space 512K, 93% used [0x00000000d5900000,0x00000000d5978000,0x00000000d5980000)
  to   space 1024K, 0% used [0x00000000d5800000,0x00000000d5800000,0x00000000d5900000)
 ParOldGen       total 196096K, used 195960K [0x0000000080000000, 0x000000008bf80000, 0x00000000d5580000)
  object space 196096K, 99% used [0x0000000080000000,0x000000008bf5e098,0x000000008bf80000)
 Metaspace       used 87516K, committed 89344K, reserved 1179648K
  class space    used 8754K, committed 9600K, reserved 1048576K
}
Event: 2209.582 GC heap before
{Heap before GC invocations=3605 (full 10):
 PSYoungGen      total 3072K, used 3040K [0x00000000d5580000, 0x00000000d5a00000, 0x0000000100000000)
  eden space 2560K, 100% used [0x00000000d5580000,0x00000000d5800000,0x00000000d5800000)
  from space 512K, 93% used [0x00000000d5900000,0x00000000d5978000,0x00000000d5980000)
  to   space 1024K, 0% used [0x00000000d5800000,0x00000000d5800000,0x00000000d5900000)
 ParOldGen       total 196096K, used 195960K [0x0000000080000000, 0x000000008bf80000, 0x00000000d5580000)
  object space 196096K, 99% used [0x0000000080000000,0x000000008bf5e098,0x000000008bf80000)
 Metaspace       used 87516K, committed 89344K, reserved 1179648K
  class space    used 8754K, committed 9600K, reserved 1048576K
}
Event: 2209.583 GC heap after
{Heap after GC invocations=3605 (full 10):
 PSYoungGen      total 3584K, used 196K [0x00000000d5580000, 0x00000000d5980000, 0x0000000100000000)
  eden space 2560K, 0% used [0x00000000d5580000,0x00000000d5580000,0x00000000d5800000)
  from space 1024K, 19% used [0x00000000d5800000,0x00000000d5831210,0x00000000d5900000)
  to   space 512K, 0% used [0x00000000d5900000,0x00000000d5900000,0x00000000d5980000)
 ParOldGen       total 196096K, used 195992K [0x0000000080000000, 0x000000008bf80000, 0x00000000d5580000)
  object space 196096K, 99% used [0x0000000080000000,0x000000008bf66098,0x000000008bf80000)
 Metaspace       used 87516K, committed 89344K, reserved 1179648K
  class space    used 8754K, committed 9600K, reserved 1048576K
}
Event: 2209.587 GC heap before
{Heap before GC invocations=3606 (full 10):
 PSYoungGen      total 3584K, used 2756K [0x00000000d5580000, 0x00000000d5980000, 0x0000000100000000)
  eden space 2560K, 100% used [0x00000000d5580000,0x00000000d5800000,0x00000000d5800000)
  from space 1024K, 19% used [0x00000000d5800000,0x00000000d5831210,0x00000000d5900000)
  to   space 512K, 0% used [0x00000000d5900000,0x00000000d5900000,0x00000000d5980000)
 ParOldGen       total 196096K, used 195992K [0x0000000080000000, 0x000000008bf80000, 0x00000000d5580000)
  object space 196096K, 99% used [0x0000000080000000,0x000000008bf66098,0x000000008bf80000)
 Metaspace       used 87516K, committed 89344K, reserved 1179648K
  class space    used 8754K, committed 9600K, reserved 1048576K
}
Event: 2209.588 GC heap after
{Heap after GC invocations=3606 (full 10):
 PSYoungGen      total 3072K, used 448K [0x00000000d5580000, 0x00000000d5980000, 0x0000000100000000)
  eden space 2560K, 0% used [0x00000000d5580000,0x00000000d5580000,0x00000000d5800000)
  from space 512K, 87% used [0x00000000d5900000,0x00000000d5970000,0x00000000d5980000)
  to   space 512K, 0% used [0x00000000d5880000,0x00000000d5880000,0x00000000d5900000)
 ParOldGen       total 196608K, used 196154K [0x0000000080000000, 0x000000008c000000, 0x00000000d5580000)
  object space 196608K, 99% used [0x0000000080000000,0x000000008bf8ebe0,0x000000008c000000)
 Metaspace       used 87516K, committed 89344K, reserved 1179648K
  class space    used 8754K, committed 9600K, reserved 1048576K
}
Event: 2213.505 GC heap before
{Heap before GC invocations=3607 (full 10):
 PSYoungGen      total 3072K, used 3008K [0x00000000d5580000, 0x00000000d5980000, 0x0000000100000000)
  eden space 2560K, 100% used [0x00000000d5580000,0x00000000d5800000,0x00000000d5800000)
  from space 512K, 87% used [0x00000000d5900000,0x00000000d5970000,0x00000000d5980000)
  to   space 512K, 0% used [0x00000000d5880000,0x00000000d5880000,0x00000000d5900000)
 ParOldGen       total 196608K, used 196154K [0x0000000080000000, 0x000000008c000000, 0x00000000d5580000)
  object space 196608K, 99% used [0x0000000080000000,0x000000008bf8ebe0,0x000000008c000000)
 Metaspace       used 87516K, committed 89344K, reserved 1179648K
  class space    used 8754K, committed 9600K, reserved 1048576K
}
Event: 2213.506 GC heap after
{Heap after GC invocations=3607 (full 10):
 PSYoungGen      total 3072K, used 256K [0x00000000d5580000, 0x00000000d5980000, 0x0000000100000000)
  eden space 2560K, 0% used [0x00000000d5580000,0x00000000d5580000,0x00000000d5800000)
  from space 512K, 50% used [0x00000000d5880000,0x00000000d58c0000,0x00000000d5900000)
  to   space 512K, 0% used [0x00000000d5900000,0x00000000d5900000,0x00000000d5980000)
 ParOldGen       total 196608K, used 196546K [0x0000000080000000, 0x000000008c000000, 0x00000000d5580000)
  object space 196608K, 99% used [0x0000000080000000,0x000000008bff0be0,0x000000008c000000)
 Metaspace       used 87516K, committed 89344K, reserved 1179648K
  class space    used 8754K, committed 9600K, reserved 1048576K
}
Event: 2215.874 GC heap before
{Heap before GC invocations=3608 (full 10):
 PSYoungGen      total 3072K, used 2816K [0x00000000d5580000, 0x00000000d5980000, 0x0000000100000000)
  eden space 2560K, 100% used [0x00000000d5580000,0x00000000d5800000,0x00000000d5800000)
  from space 512K, 50% used [0x00000000d5880000,0x00000000d58c0000,0x00000000d5900000)
  to   space 512K, 0% used [0x00000000d5900000,0x00000000d5900000,0x00000000d5980000)
 ParOldGen       total 196608K, used 196546K [0x0000000080000000, 0x000000008c000000, 0x00000000d5580000)
  object space 196608K, 99% used [0x0000000080000000,0x000000008bff0be0,0x000000008c000000)
 Metaspace       used 87516K, committed 89344K, reserved 1179648K
  class space    used 8754K, committed 9600K, reserved 1048576K
}
Event: 2215.875 GC heap after
{Heap after GC invocations=3608 (full 10):
 PSYoungGen      total 3072K, used 96K [0x00000000d5580000, 0x00000000d5980000, 0x0000000100000000)
  eden space 2560K, 0% used [0x00000000d5580000,0x00000000d5580000,0x00000000d5800000)
  from space 512K, 18% used [0x00000000d5900000,0x00000000d5918000,0x00000000d5980000)
  to   space 512K, 0% used [0x00000000d5880000,0x00000000d5880000,0x00000000d5900000)
 ParOldGen       total 197120K, used 196746K [0x0000000080000000, 0x000000008c080000, 0x00000000d5580000)
  object space 197120K, 99% used [0x0000000080000000,0x000000008c022be0,0x000000008c080000)
 Metaspace       used 87516K, committed 89344K, reserved 1179648K
  class space    used 8754K, committed 9600K, reserved 1048576K
}
Event: 2216.761 GC heap before
{Heap before GC invocations=3609 (full 10):
 PSYoungGen      total 3072K, used 2656K [0x00000000d5580000, 0x00000000d5980000, 0x0000000100000000)
  eden space 2560K, 100% used [0x00000000d5580000,0x00000000d5800000,0x00000000d5800000)
  from space 512K, 18% used [0x00000000d5900000,0x00000000d5918000,0x00000000d5980000)
  to   space 512K, 0% used [0x00000000d5880000,0x00000000d5880000,0x00000000d5900000)
 ParOldGen       total 197120K, used 196746K [0x0000000080000000, 0x000000008c080000, 0x00000000d5580000)
  object space 197120K, 99% used [0x0000000080000000,0x000000008c022be0,0x000000008c080000)
 Metaspace       used 87516K, committed 89344K, reserved 1179648K
  class space    used 8754K, committed 9600K, reserved 1048576K
}
Event: 2216.762 GC heap after
{Heap after GC invocations=3609 (full 10):
 PSYoungGen      total 3072K, used 128K [0x00000000d5580000, 0x00000000d5980000, 0x0000000100000000)
  eden space 2560K, 0% used [0x00000000d5580000,0x00000000d5580000,0x00000000d5800000)
  from space 512K, 25% used [0x00000000d5880000,0x00000000d58a0000,0x00000000d5900000)
  to   space 512K, 0% used [0x00000000d5900000,0x00000000d5900000,0x00000000d5980000)
 ParOldGen       total 197120K, used 196746K [0x0000000080000000, 0x000000008c080000, 0x00000000d5580000)
  object space 197120K, 99% used [0x0000000080000000,0x000000008c022be0,0x000000008c080000)
 Metaspace       used 87516K, committed 89344K, reserved 1179648K
  class space    used 8754K, committed 9600K, reserved 1048576K
}
Event: 2256.245 GC heap before
{Heap before GC invocations=3610 (full 10):
 PSYoungGen      total 3072K, used 2682K [0x00000000d5580000, 0x00000000d5980000, 0x0000000100000000)
  eden space 2560K, 99% used [0x00000000d5580000,0x00000000d57fe9f0,0x00000000d5800000)
  from space 512K, 25% used [0x00000000d5880000,0x00000000d58a0000,0x00000000d5900000)
  to   space 512K, 0% used [0x00000000d5900000,0x00000000d5900000,0x00000000d5980000)
 ParOldGen       total 197120K, used 196746K [0x0000000080000000, 0x000000008c080000, 0x00000000d5580000)
  object space 197120K, 99% used [0x0000000080000000,0x000000008c022be0,0x000000008c080000)
 Metaspace       used 87516K, committed 89344K, reserved 1179648K
  class space    used 8754K, committed 9600K, reserved 1048576K
}
Event: 2256.246 GC heap after
{Heap after GC invocations=3610 (full 10):
 PSYoungGen      total 3072K, used 128K [0x00000000d5580000, 0x00000000d5980000, 0x0000000100000000)
  eden space 2560K, 0% used [0x00000000d5580000,0x00000000d5580000,0x00000000d5800000)
  from space 512K, 25% used [0x00000000d5900000,0x00000000d5920000,0x00000000d5980000)
  to   space 512K, 0% used [0x00000000d5880000,0x00000000d5880000,0x00000000d5900000)
 ParOldGen       total 197120K, used 196746K [0x0000000080000000, 0x000000008c080000, 0x00000000d5580000)
  object space 197120K, 99% used [0x0000000080000000,0x000000008c022be0,0x000000008c080000)
 Metaspace       used 87516K, committed 89344K, reserved 1179648K
  class space    used 8754K, committed 9600K, reserved 1048576K
}

