# JRE version: OpenJDK Runtime Environment Temurin-17.0.17+10 (17.0.17+10) (build 17.0.17+10)
# Java VM: OpenJDK 64-Bit Server VM Temurin-17.0.17+10 (17.0.17+10, mixed mode, sharing, tiered, compressed oops, compressed class ptrs, g1 gc, windows-amd64)
GC Precious Log:
 CPUs: 4 total, 4 available
 Memory: 7934M
 Large Page Support: Disabled
 NUMA Support: Disabled
 Compressed Oops: Enabled (32-bit)
 Heap Region Size: 1M
 Heap Min Capacity: 256M
 Heap Initial Capacity: 256M
 Heap Max Capacity: 512M
 Pre-touch: Disabled
 Parallel Workers: 4
 Concurrent Workers: 1
 Concurrent Refinement Workers: 4
 Periodic GC: Disabled
Heap:
 garbage-first heap   total 262144K, used 51140K [0x00000000e0000000, 0x0000000100000000)
  region size 1024K, 22 young (22528K), 17 survivors (17408K)
 Metaspace       used 56398K, committed 57088K, reserved 393216K
  class space    used 7914K, committed 8256K, reserved 327680K
GC Heap History (14 events):
Event: 0.230 GC heap before
{Heap before GC invocations=0 (full 0):
 garbage-first heap   total 262144K, used 13312K [0x00000000e0000000, 0x0000000100000000)
  region size 1024K, 13 young (13312K), 0 survivors (0K)
 Metaspace       used 758K, committed 896K, reserved 393216K
  class space    used 60K, committed 128K, reserved 327680K
}
Event: 0.232 GC heap after
{Heap after GC invocations=1 (full 0):
 garbage-first heap   total 262144K, used 1280K [0x00000000e0000000, 0x0000000100000000)
  region size 1024K, 2 young (2048K), 2 survivors (2048K)
 Metaspace       used 758K, committed 896K, reserved 393216K
  class space    used 60K, committed 128K, reserved 327680K
}
Event: 0.555 GC heap before
{Heap before GC invocations=1 (full 0):
 garbage-first heap   total 262144K, used 23808K [0x00000000e0000000, 0x0000000100000000)
  region size 1024K, 21 young (21504K), 2 survivors (2048K)
 Metaspace       used 1823K, committed 1984K, reserved 393216K
  class space    used 168K, committed 256K, reserved 327680K
}
Event: 0.557 GC heap after
{Heap after GC invocations=2 (full 0):
 garbage-first heap   total 262144K, used 10721K [0x00000000e0000000, 0x0000000100000000)
  region size 1024K, 3 young (3072K), 3 survivors (3072K)
 Metaspace       used 1823K, committed 1984K, reserved 393216K
  class space    used 168K, committed 256K, reserved 327680K
}
Event: 2.962 GC heap before
{Heap before GC invocations=2 (full 0):
 garbage-first heap   total 262144K, used 167393K [0x00000000e0000000, 0x0000000100000000)
  region size 1024K, 153 young (156672K), 3 survivors (3072K)
 Metaspace       used 18132K, committed 18368K, reserved 393216K
  class space    used 2402K, committed 2496K, reserved 327680K
}
Event: 2.974 GC heap after
{Heap after GC invocations=3 (full 0):
 garbage-first heap   total 262144K, used 22494K [0x00000000e0000000, 0x0000000100000000)
  region size 1024K, 14 young (14336K), 14 survivors (14336K)
 Metaspace       used 18132K, committed 18368K, reserved 393216K
  class space    used 2402K, committed 2496K, reserved 327680K
}
Event: 3.338 GC heap before
{Heap before GC invocations=3 (full 0):
 garbage-first heap   total 262144K, used 48094K [0x00000000e0000000, 0x0000000100000000)
  region size 1024K, 40 young (40960K), 14 survivors (14336K)
 Metaspace       used 21194K, committed 21504K, reserved 393216K
  class space    used 2911K, committed 3072K, reserved 327680K
}
Event: 3.349 GC heap after
{Heap after GC invocations=4 (full 0):
 garbage-first heap   total 262144K, used 24328K [0x00000000e0000000, 0x0000000100000000)
  region size 1024K, 3 young (3072K), 3 survivors (3072K)
 Metaspace       used 21194K, committed 21504K, reserved 393216K
  class space    used 2911K, committed 3072K, reserved 327680K
}
Event: 5.067 GC heap before
{Heap before GC invocations=5 (full 0):
 garbage-first heap   total 262144K, used 168712K [0x00000000e0000000, 0x0000000100000000)
  region size 1024K, 146 young (149504K), 3 survivors (3072K)
 Metaspace       used 35516K, committed 35968K, reserved 393216K
  class space    used 4983K, committed 5184K, reserved 327680K
}
Event: 5.078 GC heap after
{Heap after GC invocations=6 (full 0):
 garbage-first heap   total 262144K, used 30251K [0x00000000e0000000, 0x0000000100000000)
  region size 1024K, 9 young (9216K), 9 survivors (9216K)
 Metaspace       used 35516K, committed 35968K, reserved 393216K
  class space    used 4983K, committed 5184K, reserved 327680K
}
Event: 7.542 GC heap before
{Heap before GC invocations=7 (full 0):
 garbage-first heap   total 262144K, used 176683K [0x00000000e0000000, 0x0000000100000000)
  region size 1024K, 153 young (156672K), 9 survivors (9216K)
 Metaspace       used 48775K, committed 49344K, reserved 393216K
  class space    used 7033K, committed 7296K, reserved 327680K
}
Event: 7.554 GC heap after
{Heap after GC invocations=8 (full 0):
 garbage-first heap   total 262144K, used 37599K [0x00000000e0000000, 0x0000000100000000)
  region size 1024K, 16 young (16384K), 16 survivors (16384K)
 Metaspace       used 48775K, committed 49344K, reserved 393216K
  class space    used 7033K, committed 7296K, reserved 327680K
}
Event: 10.529 GC heap before
{Heap before GC invocations=8 (full 0):
 garbage-first heap   total 262144K, used 176863K [0x00000000e0000000, 0x0000000100000000)
  region size 1024K, 153 young (156672K), 16 survivors (16384K)
 Metaspace       used 56363K, committed 57024K, reserved 393216K
  class space    used 7914K, committed 8256K, reserved 327680K
}
Event: 10.552 GC heap after
{Heap after GC invocations=9 (full 0):
 garbage-first heap   total 262144K, used 47044K [0x00000000e0000000, 0x0000000100000000)
  region size 1024K, 17 young (17408K), 17 survivors (17408K)
 Metaspace       used 56363K, committed 57024K, reserved 393216K
  class space    used 7914K, committed 8256K, reserved 327680K
}

