# JRE version: OpenJDK Runtime Environment Temurin-17.0.17+10 (17.0.17+10) (build 17.0.17+10)
# Java VM: OpenJDK 64-Bit Server VM Temurin-17.0.17+10 (17.0.17+10, mixed mode, sharing, tiered, compressed oops, compressed class ptrs, g1 gc, windows-amd64)
GC Precious Log:
 CPUs: 4 total, 4 available
 Memory: 7934M
 Large Page Support: Disabled
 NUMA Support: Disabled
 Compressed Oops: Enabled (32-bit)
 Heap Region Size: 1M
 Heap Min Capacity: 256M
 Heap Initial Capacity: 256M
 Heap Max Capacity: 512M
 Pre-touch: Disabled
 Parallel Workers: 4
 Concurrent Workers: 1
 Concurrent Refinement Workers: 4
 Periodic GC: Disabled
Heap:
 garbage-first heap   total 262144K, used 60131K [0x00000000e0000000, 0x0000000100000000)
  region size 1024K, 38 young (38912K), 8 survivors (8192K)
 Metaspace       used 38797K, committed 39296K, reserved 393216K
  class space    used 5507K, committed 5760K, reserved 327680K
GC Heap History (10 events):
Event: 0.236 GC heap before
{Heap before GC invocations=0 (full 0):
 garbage-first heap   total 262144K, used 13312K [0x00000000e0000000, 0x0000000100000000)
  region size 1024K, 13 young (13312K), 0 survivors (0K)
 Metaspace       used 743K, committed 832K, reserved 393216K
  class space    used 60K, committed 128K, reserved 327680K
}
Event: 0.238 GC heap after
{Heap after GC invocations=1 (full 0):
 garbage-first heap   total 262144K, used 1256K [0x00000000e0000000, 0x0000000100000000)
  region size 1024K, 2 young (2048K), 2 survivors (2048K)
 Metaspace       used 743K, committed 832K, reserved 393216K
  class space    used 60K, committed 128K, reserved 327680K
}
Event: 0.491 GC heap before
{Heap before GC invocations=1 (full 0):
 garbage-first heap   total 262144K, used 23784K [0x00000000e0000000, 0x0000000100000000)
  region size 1024K, 21 young (21504K), 2 survivors (2048K)
 Metaspace       used 1818K, committed 1984K, reserved 393216K
  class space    used 168K, committed 256K, reserved 327680K
}
Event: 0.495 GC heap after
{Heap after GC invocations=2 (full 0):
 garbage-first heap   total 262144K, used 10522K [0x00000000e0000000, 0x0000000100000000)
  region size 1024K, 3 young (3072K), 3 survivors (3072K)
 Metaspace       used 1818K, committed 1984K, reserved 393216K
  class space    used 168K, committed 256K, reserved 327680K
}
Event: 3.022 GC heap before
{Heap before GC invocations=2 (full 0):
 garbage-first heap   total 262144K, used 167194K [0x00000000e0000000, 0x0000000100000000)
  region size 1024K, 153 young (156672K), 3 survivors (3072K)
 Metaspace       used 18119K, committed 18368K, reserved 393216K
  class space    used 2405K, committed 2496K, reserved 327680K
}
Event: 3.034 GC heap after
{Heap after GC invocations=3 (full 0):
 garbage-first heap   total 262144K, used 22285K [0x00000000e0000000, 0x0000000100000000)
  region size 1024K, 14 young (14336K), 14 survivors (14336K)
 Metaspace       used 18119K, committed 18368K, reserved 393216K
  class space    used 2405K, committed 2496K, reserved 327680K
}
Event: 3.454 GC heap before
{Heap before GC invocations=3 (full 0):
 garbage-first heap   total 262144K, used 46861K [0x00000000e0000000, 0x0000000100000000)
  region size 1024K, 40 young (40960K), 14 survivors (14336K)
 Metaspace       used 21193K, committed 21504K, reserved 393216K
  class space    used 2912K, committed 3072K, reserved 327680K
}
Event: 3.467 GC heap after
{Heap after GC invocations=4 (full 0):
 garbage-first heap   total 262144K, used 24401K [0x00000000e0000000, 0x0000000100000000)
  region size 1024K, 2 young (2048K), 2 survivors (2048K)
 Metaspace       used 21193K, committed 21504K, reserved 393216K
  class space    used 2912K, committed 3072K, reserved 327680K
}
Event: 5.273 GC heap before
{Heap before GC invocations=5 (full 0):
 garbage-first heap   total 262144K, used 170833K [0x00000000e0000000, 0x0000000100000000)
  region size 1024K, 147 young (150528K), 2 survivors (2048K)
 Metaspace       used 35576K, committed 35968K, reserved 393216K
  class space    used 4996K, committed 5184K, reserved 327680K
}
Event: 5.281 GC heap after
{Heap after GC invocations=6 (full 0):
 garbage-first heap   total 262144K, used 30435K [0x00000000e0000000, 0x0000000100000000)
  region size 1024K, 8 young (8192K), 8 survivors (8192K)
 Metaspace       used 35576K, committed 35968K, reserved 393216K
  class space    used 4996K, committed 5184K, reserved 327680K
}

