# JRE version: OpenJDK Runtime Environment Temurin-21.0.9+10 (21.0.9+10) (build 21.0.9+10-LTS)
# Java VM: OpenJDK 64-Bit Server VM Temurin-21.0.9+10 (21.0.9+10-LTS, mixed mode, sharing, tiered, compressed oops, compressed class ptrs, parallel gc, windows-amd64)
GC Precious Log:
 CardTable entry size: 512
 CPUs: 4 total, 4 available
 Memory: 7934M
 Large Page Support: Disabled
 NUMA Support: Disabled
 Compressed Oops: Enabled (32-bit)
 Alignments: Space 512K, Generation 512K, Heap 2M
 Heap Min Capacity: 100M
 Heap Initial Capacity: 100M
 Heap Max Capacity: 2G
 Pre-touch: Disabled
 Parallel Workers: 4
Heap:
 PSYoungGen      total 4096K, used 2007K [0x00000000d5580000, 0x00000000d5a80000, 0x0000000100000000)
  eden space 3584K, 43% used [0x00000000d5580000,0x00000000d5708db0,0x00000000d5900000)
  from space 512K, 85% used [0x00000000d5900000,0x00000000d596d200,0x00000000d5980000)
  to   space 512K, 0% used [0x00000000d5a00000,0x00000000d5a00000,0x00000000d5a80000)
 ParOldGen       total 551424K, used 551337K [0x0000000080000000, 0x00000000a1a80000, 0x00000000d5580000)
  object space 551424K, 99% used [0x0000000080000000,0x00000000a1a6a6a0,0x00000000a1a80000)
 Metaspace       used 102586K, committed 104512K, reserved 1179648K
  class space    used 11969K, committed 12800K, reserved 1048576K
GC Heap History (20 events):
Event: 913.214 GC heap before
{Heap before GC invocations=2290 (full 5):
 PSYoungGen      total 3584K, used 3168K [0x00000000d5580000, 0x00000000d5a00000, 0x0000000100000000)
  eden space 3072K, 100% used [0x00000000d5580000,0x00000000d5880000,0x00000000d5880000)
  from space 512K, 18% used [0x00000000d5900000,0x00000000d5918000,0x00000000d5980000)
  to   space 512K, 0% used [0x00000000d5980000,0x00000000d5980000,0x00000000d5a00000)
 ParOldGen       total 548864K, used 548678K [0x0000000080000000, 0x00000000a1800000, 0x00000000d5580000)
  object space 548864K, 99% used [0x0000000080000000,0x00000000a17d1908,0x00000000a1800000)
 Metaspace       used 100744K, committed 102656K, reserved 1179648K
  class space    used 11718K, committed 12544K, reserved 1048576K
}
Event: 913.217 GC heap after
{Heap after GC invocations=2290 (full 5):
 PSYoungGen      total 3584K, used 433K [0x00000000d5580000, 0x00000000d5a00000, 0x0000000100000000)
  eden space 3072K, 0% used [0x00000000d5580000,0x00000000d5580000,0x00000000d5880000)
  from space 512K, 84% used [0x00000000d5980000,0x00000000d59ec710,0x00000000d5a00000)
  to   space 512K, 0% used [0x00000000d5900000,0x00000000d5900000,0x00000000d5980000)
 ParOldGen       total 548864K, used 548726K [0x0000000080000000, 0x00000000a1800000, 0x00000000d5580000)
  object space 548864K, 99% used [0x0000000080000000,0x00000000a17dd908,0x00000000a1800000)
 Metaspace       used 100744K, committed 102656K, reserved 1179648K
  class space    used 11718K, committed 12544K, reserved 1048576K
}
Event: 913.228 GC heap before
{Heap before GC invocations=2291 (full 5):
 PSYoungGen      total 3584K, used 3505K [0x00000000d5580000, 0x00000000d5a00000, 0x0000000100000000)
  eden space 3072K, 100% used [0x00000000d5580000,0x00000000d5880000,0x00000000d5880000)
  from space 512K, 84% used [0x00000000d5980000,0x00000000d59ec710,0x00000000d5a00000)
  to   space 512K, 0% used [0x00000000d5900000,0x00000000d5900000,0x00000000d5980000)
 ParOldGen       total 548864K, used 548726K [0x0000000080000000, 0x00000000a1800000, 0x00000000d5580000)
  object space 548864K, 99% used [0x0000000080000000,0x00000000a17dd908,0x00000000a1800000)
 Metaspace       used 100745K, committed 102656K, reserved 1179648K
  class space    used 11718K, committed 12544K, reserved 1048576K
}
Event: 913.231 GC heap after
{Heap after GC invocations=2291 (full 5):
 PSYoungGen      total 3584K, used 352K [0x00000000d5580000, 0x00000000d5a00000, 0x0000000100000000)
  eden space 3072K, 0% used [0x00000000d5580000,0x00000000d5580000,0x00000000d5880000)
  from space 512K, 68% used [0x00000000d5900000,0x00000000d5958000,0x00000000d5980000)
  to   space 512K, 0% used [0x00000000d5980000,0x00000000d5980000,0x00000000d5a00000)
 ParOldGen       total 549376K, used 549112K [0x0000000080000000, 0x00000000a1880000, 0x00000000d5580000)
  object space 549376K, 99% used [0x0000000080000000,0x00000000a183e018,0x00000000a1880000)
 Metaspace       used 100745K, committed 102656K, reserved 1179648K
  class space    used 11718K, committed 12544K, reserved 1048576K
}
Event: 913.252 GC heap before
{Heap before GC invocations=2292 (full 5):
 PSYoungGen      total 3584K, used 3424K [0x00000000d5580000, 0x00000000d5a00000, 0x0000000100000000)
  eden space 3072K, 100% used [0x00000000d5580000,0x00000000d5880000,0x00000000d5880000)
  from space 512K, 68% used [0x00000000d5900000,0x00000000d5958000,0x00000000d5980000)
  to   space 512K, 0% used [0x00000000d5980000,0x00000000d5980000,0x00000000d5a00000)
 ParOldGen       total 549376K, used 549112K [0x0000000080000000, 0x00000000a1880000, 0x00000000d5580000)
  object space 549376K, 99% used [0x0000000080000000,0x00000000a183e018,0x00000000a1880000)
 Metaspace       used 100745K, committed 102656K, reserved 1179648K
  class space    used 11718K, committed 12544K, reserved 1048576K
}
Event: 913.254 GC heap after
{Heap after GC invocations=2292 (full 5):
 PSYoungGen      total 3584K, used 474K [0x00000000d5580000, 0x00000000d5a00000, 0x0000000100000000)
  eden space 3072K, 0% used [0x00000000d5580000,0x00000000d5580000,0x00000000d5880000)
  from space 512K, 92% used [0x00000000d5980000,0x00000000d59f6900,0x00000000d5a00000)
  to   space 512K, 0% used [0x00000000d5900000,0x00000000d5900000,0x00000000d5980000)
 ParOldGen       total 549888K, used 549416K [0x0000000080000000, 0x00000000a1900000, 0x00000000d5580000)
  object space 549888K, 99% used [0x0000000080000000,0x00000000a188a018,0x00000000a1900000)
 Metaspace       used 100745K, committed 102656K, reserved 1179648K
  class space    used 11718K, committed 12544K, reserved 1048576K
}
Event: 913.274 GC heap before
{Heap before GC invocations=2293 (full 5):
 PSYoungGen      total 3584K, used 3546K [0x00000000d5580000, 0x00000000d5a00000, 0x0000000100000000)
  eden space 3072K, 100% used [0x00000000d5580000,0x00000000d5880000,0x00000000d5880000)
  from space 512K, 92% used [0x00000000d5980000,0x00000000d59f6900,0x00000000d5a00000)
  to   space 512K, 0% used [0x00000000d5900000,0x00000000d5900000,0x00000000d5980000)
 ParOldGen       total 549888K, used 549416K [0x0000000080000000, 0x00000000a1900000, 0x00000000d5580000)
  object space 549888K, 99% used [0x0000000080000000,0x00000000a188a018,0x00000000a1900000)
 Metaspace       used 100745K, committed 102656K, reserved 1179648K
  class space    used 11718K, committed 12544K, reserved 1048576K
}
Event: 913.279 GC heap after
{Heap after GC invocations=2293 (full 5):
 PSYoungGen      total 3584K, used 288K [0x00000000d5580000, 0x00000000d5a00000, 0x0000000100000000)
  eden space 3072K, 0% used [0x00000000d5580000,0x00000000d5580000,0x00000000d5880000)
  from space 512K, 56% used [0x00000000d5900000,0x00000000d5948000,0x00000000d5980000)
  to   space 512K, 0% used [0x00000000d5980000,0x00000000d5980000,0x00000000d5a00000)
 ParOldGen       total 549888K, used 549828K [0x0000000080000000, 0x00000000a1900000, 0x00000000d5580000)
  object space 549888K, 99% used [0x0000000080000000,0x00000000a18f1218,0x00000000a1900000)
 Metaspace       used 100745K, committed 102656K, reserved 1179648K
  class space    used 11718K, committed 12544K, reserved 1048576K
}
Event: 913.295 GC heap before
{Heap before GC invocations=2294 (full 5):
 PSYoungGen      total 3584K, used 3360K [0x00000000d5580000, 0x00000000d5a00000, 0x0000000100000000)
  eden space 3072K, 100% used [0x00000000d5580000,0x00000000d5880000,0x00000000d5880000)
  from space 512K, 56% used [0x00000000d5900000,0x00000000d5948000,0x00000000d5980000)
  to   space 512K, 0% used [0x00000000d5980000,0x00000000d5980000,0x00000000d5a00000)
 ParOldGen       total 549888K, used 549828K [0x0000000080000000, 0x00000000a1900000, 0x00000000d5580000)
  object space 549888K, 99% used [0x0000000080000000,0x00000000a18f1218,0x00000000a1900000)
 Metaspace       used 100745K, committed 102656K, reserved 1179648K
  class space    used 11718K, committed 12544K, reserved 1048576K
}
Event: 913.298 GC heap after
{Heap after GC invocations=2294 (full 5):
 PSYoungGen      total 3584K, used 468K [0x00000000d5580000, 0x00000000d5a00000, 0x0000000100000000)
  eden space 3072K, 0% used [0x00000000d5580000,0x00000000d5580000,0x00000000d5880000)
  from space 512K, 91% used [0x00000000d5980000,0x00000000d59f5200,0x00000000d5a00000)
  to   space 512K, 0% used [0x00000000d5900000,0x00000000d5900000,0x00000000d5980000)
 ParOldGen       total 550400K, used 550092K [0x0000000080000000, 0x00000000a1980000, 0x00000000d5580000)
  object space 550400K, 99% used [0x0000000080000000,0x00000000a1933218,0x00000000a1980000)
 Metaspace       used 100745K, committed 102656K, reserved 1179648K
  class space    used 11718K, committed 12544K, reserved 1048576K
}
Event: 913.304 GC heap before
{Heap before GC invocations=2295 (full 5):
 PSYoungGen      total 3584K, used 3540K [0x00000000d5580000, 0x00000000d5a00000, 0x0000000100000000)
  eden space 3072K, 100% used [0x00000000d5580000,0x00000000d5880000,0x00000000d5880000)
  from space 512K, 91% used [0x00000000d5980000,0x00000000d59f5200,0x00000000d5a00000)
  to   space 512K, 0% used [0x00000000d5900000,0x00000000d5900000,0x00000000d5980000)
 ParOldGen       total 550400K, used 550092K [0x0000000080000000, 0x00000000a1980000, 0x00000000d5580000)
  object space 550400K, 99% used [0x0000000080000000,0x00000000a1933218,0x00000000a1980000)
 Metaspace       used 100745K, committed 102656K, reserved 1179648K
  class space    used 11718K, committed 12544K, reserved 1048576K
}
Event: 913.306 GC heap after
{Heap after GC invocations=2295 (full 5):
 PSYoungGen      total 4096K, used 288K [0x00000000d5580000, 0x00000000d5a80000, 0x0000000100000000)
  eden space 3584K, 0% used [0x00000000d5580000,0x00000000d5580000,0x00000000d5900000)
  from space 512K, 56% used [0x00000000d5900000,0x00000000d5948000,0x00000000d5980000)
  to   space 512K, 0% used [0x00000000d5a00000,0x00000000d5a00000,0x00000000d5a80000)
 ParOldGen       total 550912K, used 550513K [0x0000000080000000, 0x00000000a1a00000, 0x00000000d5580000)
  object space 550912K, 99% used [0x0000000080000000,0x00000000a199c418,0x00000000a1a00000)
 Metaspace       used 100745K, committed 102656K, reserved 1179648K
  class space    used 11718K, committed 12544K, reserved 1048576K
}
Event: 913.369 GC heap before
{Heap before GC invocations=2296 (full 5):
 PSYoungGen      total 4096K, used 3871K [0x00000000d5580000, 0x00000000d5a80000, 0x0000000100000000)
  eden space 3584K, 99% used [0x00000000d5580000,0x00000000d58ffff8,0x00000000d5900000)
  from space 512K, 56% used [0x00000000d5900000,0x00000000d5948000,0x00000000d5980000)
  to   space 512K, 0% used [0x00000000d5a00000,0x00000000d5a00000,0x00000000d5a80000)
 ParOldGen       total 550912K, used 550513K [0x0000000080000000, 0x00000000a1a00000, 0x00000000d5580000)
  object space 550912K, 99% used [0x0000000080000000,0x00000000a199c418,0x00000000a1a00000)
 Metaspace       used 100938K, committed 102912K, reserved 1179648K
  class space    used 11735K, committed 12608K, reserved 1048576K
}
Event: 913.371 GC heap after
{Heap after GC invocations=2296 (full 5):
 PSYoungGen      total 4096K, used 237K [0x00000000d5580000, 0x00000000d5a80000, 0x0000000100000000)
  eden space 3584K, 0% used [0x00000000d5580000,0x00000000d5580000,0x00000000d5900000)
  from space 512K, 46% used [0x00000000d5a00000,0x00000000d5a3b740,0x00000000d5a80000)
  to   space 512K, 0% used [0x00000000d5900000,0x00000000d5900000,0x00000000d5980000)
 ParOldGen       total 550912K, used 550745K [0x0000000080000000, 0x00000000a1a00000, 0x00000000d5580000)
  object space 550912K, 99% used [0x0000000080000000,0x00000000a19d6418,0x00000000a1a00000)
 Metaspace       used 100938K, committed 102912K, reserved 1179648K
  class space    used 11735K, committed 12608K, reserved 1048576K
}
Event: 913.453 GC heap before
{Heap before GC invocations=2297 (full 5):
 PSYoungGen      total 4096K, used 3821K [0x00000000d5580000, 0x00000000d5a80000, 0x0000000100000000)
  eden space 3584K, 100% used [0x00000000d5580000,0x00000000d5900000,0x00000000d5900000)
  from space 512K, 46% used [0x00000000d5a00000,0x00000000d5a3b740,0x00000000d5a80000)
  to   space 512K, 0% used [0x00000000d5900000,0x00000000d5900000,0x00000000d5980000)
 ParOldGen       total 550912K, used 550745K [0x0000000080000000, 0x00000000a1a00000, 0x00000000d5580000)
  object space 550912K, 99% used [0x0000000080000000,0x00000000a19d6418,0x00000000a1a00000)
 Metaspace       used 101380K, committed 103360K, reserved 1179648K
  class space    used 11810K, committed 12672K, reserved 1048576K
}
Event: 913.456 GC heap after
{Heap after GC invocations=2297 (full 5):
 PSYoungGen      total 4096K, used 383K [0x00000000d5580000, 0x00000000d5a80000, 0x0000000100000000)
  eden space 3584K, 0% used [0x00000000d5580000,0x00000000d5580000,0x00000000d5900000)
  from space 512K, 74% used [0x00000000d5900000,0x00000000d595fc48,0x00000000d5980000)
  to   space 512K, 0% used [0x00000000d5a00000,0x00000000d5a00000,0x00000000d5a80000)
 ParOldGen       total 551424K, used 550977K [0x0000000080000000, 0x00000000a1a80000, 0x00000000d5580000)
  object space 551424K, 99% used [0x0000000080000000,0x00000000a1a10538,0x00000000a1a80000)
 Metaspace       used 101380K, committed 103360K, reserved 1179648K
  class space    used 11810K, committed 12672K, reserved 1048576K
}
Event: 913.555 GC heap before
{Heap before GC invocations=2298 (full 5):
 PSYoungGen      total 4096K, used 3967K [0x00000000d5580000, 0x00000000d5a80000, 0x0000000100000000)
  eden space 3584K, 100% used [0x00000000d5580000,0x00000000d5900000,0x00000000d5900000)
  from space 512K, 74% used [0x00000000d5900000,0x00000000d595fc48,0x00000000d5980000)
  to   space 512K, 0% used [0x00000000d5a00000,0x00000000d5a00000,0x00000000d5a80000)
 ParOldGen       total 551424K, used 550977K [0x0000000080000000, 0x00000000a1a80000, 0x00000000d5580000)
  object space 551424K, 99% used [0x0000000080000000,0x00000000a1a10538,0x00000000a1a80000)
 Metaspace       used 102243K, committed 104192K, reserved 1179648K
  class space    used 11908K, committed 12800K, reserved 1048576K
}
Event: 913.558 GC heap after
{Heap after GC invocations=2298 (full 5):
 PSYoungGen      total 4096K, used 128K [0x00000000d5580000, 0x00000000d5a80000, 0x0000000100000000)
  eden space 3584K, 0% used [0x00000000d5580000,0x00000000d5580000,0x00000000d5900000)
  from space 512K, 25% used [0x00000000d5a00000,0x00000000d5a20000,0x00000000d5a80000)
  to   space 512K, 0% used [0x00000000d5900000,0x00000000d5900000,0x00000000d5980000)
 ParOldGen       total 551424K, used 551265K [0x0000000080000000, 0x00000000a1a80000, 0x00000000d5580000)
  object space 551424K, 99% used [0x0000000080000000,0x00000000a1a586a0,0x00000000a1a80000)
 Metaspace       used 102243K, committed 104192K, reserved 1179648K
  class space    used 11908K, committed 12800K, reserved 1048576K
}
Event: 913.636 GC heap before
{Heap before GC invocations=2299 (full 5):
 PSYoungGen      total 4096K, used 3712K [0x00000000d5580000, 0x00000000d5a80000, 0x0000000100000000)
  eden space 3584K, 100% used [0x00000000d5580000,0x00000000d5900000,0x00000000d5900000)
  from space 512K, 25% used [0x00000000d5a00000,0x00000000d5a20000,0x00000000d5a80000)
  to   space 512K, 0% used [0x00000000d5900000,0x00000000d5900000,0x00000000d5980000)
 ParOldGen       total 551424K, used 551265K [0x0000000080000000, 0x00000000a1a80000, 0x00000000d5580000)
  object space 551424K, 99% used [0x0000000080000000,0x00000000a1a586a0,0x00000000a1a80000)
 Metaspace       used 102586K, committed 104512K, reserved 1179648K
  class space    used 11969K, committed 12800K, reserved 1048576K
}
Event: 913.638 GC heap after
{Heap after GC invocations=2299 (full 5):
 PSYoungGen      total 4096K, used 436K [0x00000000d5580000, 0x00000000d5a80000, 0x0000000100000000)
  eden space 3584K, 0% used [0x00000000d5580000,0x00000000d5580000,0x00000000d5900000)
  from space 512K, 85% used [0x00000000d5900000,0x00000000d596d200,0x00000000d5980000)
  to   space 512K, 0% used [0x00000000d5a00000,0x00000000d5a00000,0x00000000d5a80000)
 ParOldGen       total 551424K, used 551337K [0x0000000080000000, 0x00000000a1a80000, 0x00000000d5580000)
  object space 551424K, 99% used [0x0000000080000000,0x00000000a1a6a6a0,0x00000000a1a80000)
 Metaspace       used 102586K, committed 104512K, reserved 1179648K
  class space    used 11969K, committed 12800K, reserved 1048576K
}

