# JRE version: OpenJDK Runtime Environment Temurin-17.0.17+10 (17.0.17+10) (build 17.0.17+10)
# Java VM: OpenJDK 64-Bit Server VM Temurin-17.0.17+10 (17.0.17+10, mixed mode, sharing, tiered, compressed oops, compressed class ptrs, g1 gc, windows-amd64)
GC Precious Log:
 CPUs: 4 total, 4 available
 Memory: 7934M
 Large Page Support: Disabled
 NUMA Support: Disabled
 Compressed Oops: Enabled (32-bit)
 Heap Region Size: 1M
 Heap Min Capacity: 256M
 Heap Initial Capacity: 256M
 Heap Max Capacity: 512M
 Pre-touch: Disabled
 Parallel Workers: 4
 Concurrent Workers: 1
 Concurrent Refinement Workers: 4
 Periodic GC: Disabled
Heap:
 garbage-first heap   total 375808K, used 221002K [0x00000000e0000000, 0x0000000100000000)
  region size 1024K, 3 young (3072K), 3 survivors (3072K)
 Metaspace       used 149310K, committed 150592K, reserved 524288K
  class space    used 18474K, committed 19136K, reserved 327680K
GC Heap History (20 events):
Event: 282.919 GC heap after
{Heap after GC invocations=53 (full 0):
 garbage-first heap   total 278528K, used 185856K [0x00000000e0000000, 0x0000000100000000)
  region size 1024K, 8 young (8192K), 8 survivors (8192K)
 Metaspace       used 148489K, committed 149696K, reserved 524288K
  class space    used 18495K, committed 19072K, reserved 327680K
}
Event: 283.718 GC heap before
{Heap before GC invocations=53 (full 0):
 garbage-first heap   total 307200K, used 210432K [0x00000000e0000000, 0x0000000100000000)
  region size 1024K, 44 young (45056K), 8 survivors (8192K)
 Metaspace       used 148557K, committed 149760K, reserved 524288K
  class space    used 18498K, committed 19072K, reserved 327680K
}
Event: 283.769 GC heap after
{Heap after GC invocations=54 (full 0):
 garbage-first heap   total 316416K, used 189952K [0x00000000e0000000, 0x0000000100000000)
  region size 1024K, 6 young (6144K), 6 survivors (6144K)
 Metaspace       used 148557K, committed 149760K, reserved 524288K
  class space    used 18498K, committed 19072K, reserved 327680K
}
Event: 284.922 GC heap before
{Heap before GC invocations=55 (full 0):
 garbage-first heap   total 316416K, used 243200K [0x00000000e0000000, 0x0000000100000000)
  region size 1024K, 57 young (58368K), 6 survivors (6144K)
 Metaspace       used 148617K, committed 149824K, reserved 524288K
  class space    used 18498K, committed 19072K, reserved 327680K
}
Event: 284.956 GC heap after
{Heap after GC invocations=56 (full 0):
 garbage-first heap   total 316416K, used 207360K [0x00000000e0000000, 0x0000000100000000)
  region size 1024K, 8 young (8192K), 8 survivors (8192K)
 Metaspace       used 148617K, committed 149824K, reserved 524288K
  class space    used 18498K, committed 19072K, reserved 327680K
}
Event: 284.969 GC heap before
{Heap before GC invocations=56 (full 0):
 garbage-first heap   total 316416K, used 214528K [0x00000000e0000000, 0x0000000100000000)
  region size 1024K, 15 young (15360K), 8 survivors (8192K)
 Metaspace       used 148617K, committed 149824K, reserved 524288K
  class space    used 18498K, committed 19072K, reserved 327680K
}
Event: 285.013 GC heap after
{Heap after GC invocations=57 (full 0):
 garbage-first heap   total 316416K, used 192512K [0x00000000e0000000, 0x0000000100000000)
  region size 1024K, 2 young (2048K), 2 survivors (2048K)
 Metaspace       used 148617K, committed 149824K, reserved 524288K
  class space    used 18498K, committed 19072K, reserved 327680K
}
Event: 288.315 GC heap before
{Heap before GC invocations=57 (full 0):
 garbage-first heap   total 316416K, used 242688K [0x00000000e0000000, 0x0000000100000000)
  region size 1024K, 51 young (52224K), 2 survivors (2048K)
 Metaspace       used 149126K, committed 150336K, reserved 524288K
  class space    used 18508K, committed 19136K, reserved 327680K
}
Event: 288.343 GC heap after
{Heap after GC invocations=58 (full 0):
 garbage-first heap   total 316416K, used 207579K [0x00000000e0000000, 0x0000000100000000)
  region size 1024K, 7 young (7168K), 7 survivors (7168K)
 Metaspace       used 149126K, committed 150336K, reserved 524288K
  class space    used 18508K, committed 19136K, reserved 327680K
}
Event: 363.414 GC heap before
{Heap before GC invocations=58 (full 0):
 garbage-first heap   total 316416K, used 249563K [0x00000000e0000000, 0x0000000100000000)
  region size 1024K, 48 young (49152K), 7 survivors (7168K)
 Metaspace       used 149228K, committed 150464K, reserved 524288K
  class space    used 18509K, committed 19136K, reserved 327680K
}
Event: 363.443 GC heap after
{Heap after GC invocations=59 (full 0):
 garbage-first heap   total 316416K, used 211565K [0x00000000e0000000, 0x0000000100000000)
  region size 1024K, 3 young (3072K), 3 survivors (3072K)
 Metaspace       used 149228K, committed 150464K, reserved 524288K
  class space    used 18509K, committed 19136K, reserved 327680K
}
Event: 363.686 GC heap before
{Heap before GC invocations=59 (full 0):
 garbage-first heap   total 316416K, used 253549K [0x00000000e0000000, 0x0000000100000000)
  region size 1024K, 45 young (46080K), 3 survivors (3072K)
 Metaspace       used 149263K, committed 150528K, reserved 524288K
  class space    used 18509K, committed 19136K, reserved 327680K
}
Event: 363.727 GC heap after
{Heap after GC invocations=60 (full 0):
 garbage-first heap   total 316416K, used 221974K [0x00000000e0000000, 0x0000000100000000)
  region size 1024K, 6 young (6144K), 6 survivors (6144K)
 Metaspace       used 149263K, committed 150528K, reserved 524288K
  class space    used 18509K, committed 19136K, reserved 327680K
}
Event: 363.947 GC heap before
{Heap before GC invocations=60 (full 0):
 garbage-first heap   total 316416K, used 257814K [0x00000000e0000000, 0x0000000100000000)
  region size 1024K, 41 young (41984K), 6 survivors (6144K)
 Metaspace       used 149286K, committed 150528K, reserved 524288K
  class space    used 18509K, committed 19136K, reserved 327680K
}
Event: 363.967 GC heap after
{Heap after GC invocations=61 (full 0):
 garbage-first heap   total 316416K, used 233104K [0x00000000e0000000, 0x0000000100000000)
  region size 1024K, 6 young (6144K), 6 survivors (6144K)
 Metaspace       used 149286K, committed 150528K, reserved 524288K
  class space    used 18509K, committed 19136K, reserved 327680K
}
Event: 364.344 GC heap before
{Heap before GC invocations=61 (full 0):
 garbage-first heap   total 316416K, used 260752K [0x00000000e0000000, 0x0000000100000000)
  region size 1024K, 32 young (32768K), 6 survivors (6144K)
 Metaspace       used 149298K, committed 150528K, reserved 524288K
  class space    used 18509K, committed 19136K, reserved 327680K
}
Event: 364.365 GC heap after
{Heap after GC invocations=62 (full 0):
 garbage-first heap   total 316416K, used 243654K [0x00000000e0000000, 0x0000000100000000)
  region size 1024K, 4 young (4096K), 4 survivors (4096K)
 Metaspace       used 149298K, committed 150528K, reserved 524288K
  class space    used 18509K, committed 19136K, reserved 327680K
}
Event: 364.558 GC heap before
{Heap before GC invocations=62 (full 0):
 garbage-first heap   total 316416K, used 263110K [0x00000000e0000000, 0x0000000100000000)
  region size 1024K, 24 young (24576K), 4 survivors (4096K)
 Metaspace       used 149329K, committed 150592K, reserved 524288K
  class space    used 18509K, committed 19136K, reserved 327680K
}
Event: 364.574 GC heap after
{Heap after GC invocations=63 (full 0):
 garbage-first heap   total 316416K, used 251900K [0x00000000e0000000, 0x0000000100000000)
  region size 1024K, 3 young (3072K), 3 survivors (3072K)
 Metaspace       used 149329K, committed 150592K, reserved 524288K
  class space    used 18509K, committed 19136K, reserved 327680K
}
Event: 366.851 GC heap before
{Heap before GC invocations=63 (full 0):
 garbage-first heap   total 375808K, used 232444K [0x00000000e0000000, 0x0000000100000000)
  region size 1024K, 19 young (19456K), 3 survivors (3072K)
 Metaspace       used 149310K, committed 150592K, reserved 524288K
  class space    used 18474K, committed 19136K, reserved 327680K
}

