# JRE version: OpenJDK Runtime Environment Temurin-17.0.17+10 (17.0.17+10) (build 17.0.17+10)
# Java VM: OpenJDK 64-Bit Server VM Temurin-17.0.17+10 (17.0.17+10, mixed mode, sharing, tiered, compressed oops, compressed class ptrs, g1 gc, windows-amd64)
GC Precious Log:
 CPUs: 4 total, 4 available
 Memory: 7934M
 Large Page Support: Disabled
 NUMA Support: Disabled
 Compressed Oops: Enabled (32-bit)
 Heap Region Size: 1M
 Heap Min Capacity: 256M
 Heap Initial Capacity: 256M
 Heap Max Capacity: 512M
 Pre-touch: Disabled
 Parallel Workers: 4
 Concurrent Workers: 1
 Concurrent Refinement Workers: 4
 Periodic GC: Disabled
Heap:
 garbage-first heap   total 262144K, used 110488K [0x00000000e0000000, 0x0000000100000000)
  region size 1024K, 73 young (74752K), 14 survivors (14336K)
 Metaspace       used 66241K, committed 67136K, reserved 393216K
  class space    used 9384K, committed 9792K, reserved 327680K
GC Heap History (18 events):
Event: 0.712 GC heap before
{Heap before GC invocations=0 (full 0):
 garbage-first heap   total 262144K, used 13312K [0x00000000e0000000, 0x0000000100000000)
  region size 1024K, 13 young (13312K), 0 survivors (0K)
 Metaspace       used 781K, committed 896K, reserved 393216K
  class space    used 61K, committed 128K, reserved 327680K
}
Event: 0.715 GC heap after
{Heap after GC invocations=1 (full 0):
 garbage-first heap   total 262144K, used 1296K [0x00000000e0000000, 0x0000000100000000)
  region size 1024K, 2 young (2048K), 2 survivors (2048K)
 Metaspace       used 781K, committed 896K, reserved 393216K
  class space    used 61K, committed 128K, reserved 327680K
}
Event: 1.392 GC heap before
{Heap before GC invocations=1 (full 0):
 garbage-first heap   total 262144K, used 23824K [0x00000000e0000000, 0x0000000100000000)
  region size 1024K, 21 young (21504K), 2 survivors (2048K)
 Metaspace       used 1834K, committed 1984K, reserved 393216K
  class space    used 170K, committed 256K, reserved 327680K
}
Event: 1.396 GC heap after
{Heap after GC invocations=2 (full 0):
 garbage-first heap   total 262144K, used 10528K [0x00000000e0000000, 0x0000000100000000)
  region size 1024K, 3 young (3072K), 3 survivors (3072K)
 Metaspace       used 1834K, committed 1984K, reserved 393216K
  class space    used 170K, committed 256K, reserved 327680K
}
Event: 7.106 GC heap before
{Heap before GC invocations=2 (full 0):
 garbage-first heap   total 262144K, used 167200K [0x00000000e0000000, 0x0000000100000000)
  region size 1024K, 153 young (156672K), 3 survivors (3072K)
 Metaspace       used 18597K, committed 18944K, reserved 393216K
  class space    used 2481K, committed 2624K, reserved 327680K
}
Event: 7.127 GC heap after
{Heap after GC invocations=3 (full 0):
 garbage-first heap   total 262144K, used 22224K [0x00000000e0000000, 0x0000000100000000)
  region size 1024K, 14 young (14336K), 14 survivors (14336K)
 Metaspace       used 18597K, committed 18944K, reserved 393216K
  class space    used 2481K, committed 2624K, reserved 327680K
}
Event: 8.023 GC heap before
{Heap before GC invocations=3 (full 0):
 garbage-first heap   total 262144K, used 44752K [0x00000000e0000000, 0x0000000100000000)
  region size 1024K, 37 young (37888K), 14 survivors (14336K)
 Metaspace       used 21233K, committed 21504K, reserved 393216K
  class space    used 2918K, committed 3072K, reserved 327680K
}
Event: 8.040 GC heap after
{Heap after GC invocations=4 (full 0):
 garbage-first heap   total 262144K, used 23600K [0x00000000e0000000, 0x0000000100000000)
  region size 1024K, 2 young (2048K), 2 survivors (2048K)
 Metaspace       used 21233K, committed 21504K, reserved 393216K
  class space    used 2918K, committed 3072K, reserved 327680K
}
Event: 14.798 GC heap before
{Heap before GC invocations=5 (full 0):
 garbage-first heap   total 262144K, used 140336K [0x00000000e0000000, 0x0000000100000000)
  region size 1024K, 118 young (120832K), 2 survivors (2048K)
 Metaspace       used 35645K, committed 36096K, reserved 393216K
  class space    used 4963K, committed 5184K, reserved 327680K
}
Event: 14.812 GC heap after
{Heap after GC invocations=6 (full 0):
 garbage-first heap   total 262144K, used 30996K [0x00000000e0000000, 0x0000000100000000)
  region size 1024K, 9 young (9216K), 9 survivors (9216K)
 Metaspace       used 35645K, committed 36096K, reserved 393216K
  class space    used 4963K, committed 5184K, reserved 327680K
}
Event: 18.850 GC heap before
{Heap before GC invocations=7 (full 0):
 garbage-first heap   total 262144K, used 178452K [0x00000000e0000000, 0x0000000100000000)
  region size 1024K, 153 young (156672K), 9 survivors (9216K)
 Metaspace       used 47021K, committed 47680K, reserved 393216K
  class space    used 6741K, committed 7040K, reserved 327680K
}
Event: 18.879 GC heap after
{Heap after GC invocations=8 (full 0):
 garbage-first heap   total 262144K, used 38203K [0x00000000e0000000, 0x0000000100000000)
  region size 1024K, 16 young (16384K), 16 survivors (16384K)
 Metaspace       used 47021K, committed 47680K, reserved 393216K
  class space    used 6741K, committed 7040K, reserved 327680K
}
Event: 29.349 GC heap before
{Heap before GC invocations=8 (full 0):
 garbage-first heap   total 262144K, used 177467K [0x00000000e0000000, 0x0000000100000000)
  region size 1024K, 153 young (156672K), 16 survivors (16384K)
 Metaspace       used 58506K, committed 59328K, reserved 393216K
  class space    used 8408K, committed 8768K, reserved 327680K
}
Event: 29.398 GC heap after
{Heap after GC invocations=9 (full 0):
 garbage-first heap   total 262144K, used 47046K [0x00000000e0000000, 0x0000000100000000)
  region size 1024K, 16 young (16384K), 16 survivors (16384K)
 Metaspace       used 58506K, committed 59328K, reserved 393216K
  class space    used 8408K, committed 8768K, reserved 327680K
}
Event: 29.561 GC heap before
{Heap before GC invocations=9 (full 0):
 garbage-first heap   total 262144K, used 56262K [0x00000000e0000000, 0x0000000100000000)
  region size 1024K, 26 young (26624K), 16 survivors (16384K)
 Metaspace       used 59553K, committed 60288K, reserved 393216K
  class space    used 8495K, committed 8832K, reserved 327680K
}
Event: 29.584 GC heap after
{Heap after GC invocations=10 (full 0):
 garbage-first heap   total 262144K, used 47516K [0x00000000e0000000, 0x0000000100000000)
  region size 1024K, 10 young (10240K), 10 survivors (10240K)
 Metaspace       used 59553K, committed 60288K, reserved 393216K
  class space    used 8495K, committed 8832K, reserved 327680K
}
Event: 33.279 GC heap before
{Heap before GC invocations=11 (full 0):
 garbage-first heap   total 262144K, used 193948K [0x00000000e0000000, 0x0000000100000000)
  region size 1024K, 153 young (156672K), 10 survivors (10240K)
 Metaspace       used 62295K, committed 63104K, reserved 393216K
  class space    used 8721K, committed 9088K, reserved 327680K
}
Event: 33.300 GC heap after
{Heap after GC invocations=12 (full 0):
 garbage-first heap   total 262144K, used 52120K [0x00000000e0000000, 0x0000000100000000)
  region size 1024K, 14 young (14336K), 14 survivors (14336K)
 Metaspace       used 62295K, committed 63104K, reserved 393216K
  class space    used 8721K, committed 9088K, reserved 327680K
}

